27-Feb-2023 11:06:26.583 INFO [main] org.apache.catalina.startup.VersionLoggerListener.log Server version:        Apache Tomcat/8.5.24
27-Feb-2023 11:06:26.587 INFO [main] org.apache.catalina.startup.VersionLoggerListener.log Server built:          Nov 27 2017 13:05:30 UTC
27-Feb-2023 11:06:26.588 INFO [main] org.apache.catalina.startup.VersionLoggerListener.log Server number:         8.5.24.0
27-Feb-2023 11:06:26.588 INFO [main] org.apache.catalina.startup.VersionLoggerListener.log OS Name:               Windows 10
27-Feb-2023 11:06:26.588 INFO [main] org.apache.catalina.startup.VersionLoggerListener.log OS Version:            10.0
27-Feb-2023 11:06:26.588 INFO [main] org.apache.catalina.startup.VersionLoggerListener.log Architecture:          x86
27-Feb-2023 11:06:26.589 INFO [main] org.apache.catalina.startup.VersionLoggerListener.log Java Home:             D:\Java8\jdk1.8.0_131\jre
27-Feb-2023 11:06:26.589 INFO [main] org.apache.catalina.startup.VersionLoggerListener.log JVM Version:           1.8.0_131-b11
27-Feb-2023 11:06:26.589 INFO [main] org.apache.catalina.startup.VersionLoggerListener.log JVM Vendor:            Oracle Corporation
27-Feb-2023 11:06:26.589 INFO [main] org.apache.catalina.startup.VersionLoggerListener.log CATALINA_BASE:         D:\Java8\apache-tomcat-8.5.24
27-Feb-2023 11:06:26.589 INFO [main] org.apache.catalina.startup.VersionLoggerListener.log CATALINA_HOME:         D:\Java8\apache-tomcat-8.5.24
27-Feb-2023 11:06:26.590 INFO [main] org.apache.catalina.startup.VersionLoggerListener.log Command line argument: -Djava.util.logging.config.file=D:\Java8\apache-tomcat-8.5.24\conf\logging.properties
27-Feb-2023 11:06:26.590 INFO [main] org.apache.catalina.startup.VersionLoggerListener.log Command line argument: -Djava.util.logging.manager=org.apache.juli.ClassLoaderLogManager
27-Feb-2023 11:06:26.593 INFO [main] org.apache.catalina.startup.VersionLoggerListener.log Command line argument: -Djdk.tls.ephemeralDHKeySize=2048
27-Feb-2023 11:06:26.593 INFO [main] org.apache.catalina.startup.VersionLoggerListener.log Command line argument: -Djava.protocol.handler.pkgs=org.apache.catalina.webresources
27-Feb-2023 11:06:26.593 INFO [main] org.apache.catalina.startup.VersionLoggerListener.log Command line argument: -Dignore.endorsed.dirs=
27-Feb-2023 11:06:26.594 INFO [main] org.apache.catalina.startup.VersionLoggerListener.log Command line argument: -Dcatalina.base=D:\Java8\apache-tomcat-8.5.24
27-Feb-2023 11:06:26.594 INFO [main] org.apache.catalina.startup.VersionLoggerListener.log Command line argument: -Dcatalina.home=D:\Java8\apache-tomcat-8.5.24
27-Feb-2023 11:06:26.595 INFO [main] org.apache.catalina.startup.VersionLoggerListener.log Command line argument: -Djava.io.tmpdir=D:\Java8\apache-tomcat-8.5.24\temp
27-Feb-2023 11:06:26.595 INFO [main] org.apache.catalina.core.AprLifecycleListener.lifecycleEvent The APR based Apache Tomcat Native library which allows optimal performance in production environments was not found on the java.library.path: [D:\Java8\jdk1.8.0_131\bin;C:\WINDOWS\Sun\Java\bin;C:\WINDOWS\system32;C:\WINDOWS;D:\Java8\jdk1.8.0_131\bin;D:\Java8\jdk1.8.0_131\db\bin;D:\Java8\squirrelsql-4.0.0-standard;D:\Java8\apache-tomcat-8.5.24\bin;C:\Program Files\IBM\ILOG\CPLEX_Studio1210\opl\bin\x64_win64;C:\Program Files\IBM\ILOG\CPLEX_Studio1210\opl\oplide\;C:\Program Files\IBM\ILOG\CPLEX_Studio1210\cplex\bin\x64_win64;C:\Program Files\IBM\ILOG\CPLEX_Studio1210\cpoptimizer\bin\x64_win64;C:\Program Files (x86)\NVIDIA Corporation\PhysX\Common;C:\Program Files\Eclipse Foundation\jdk-16.0.2.7-hotspot\bin;C:\Program Files\IBM\ILOG\CPLEX_Studio221\opl\bin\x64_win64;C:\Program Files\IBM\ILOG\CPLEX_Studio221\opl\oplide\;C:\Program Files\IBM\ILOG\CPLEX_Studio221\cplex\bin\x64_win64;C:\Program Files\IBM\ILOG\CPLEX_Studio221\cpoptimizer\bin\x64_win64;C:\Program Files\Python38\Scripts\;C:\Program Files\Python38\;C:\Program Files (x86)\VMware\VMware Player\bin\;C:\WINDOWS\system32;C:\WINDOWS;C:\WINDOWS\System32\Wbem;C:\WINDOWS\System32\WindowsPowerShell\v1.0\;C:\WINDOWS\System32\OpenSSH\;C:\Program Files\dotnet\;C:\Program Files\Microsoft SQL Server\130\Tools\Binn\;C:\Program Files (x86)\dotnet\;C:\Program Files\MATLAB\R2022a\runtime\win64;C:\Program Files\MATLAB\R2022a\bin;C:\Program Files\MATLAB\R2019a\bin;C:\Program Files (x86)\National Instruments\Shared\LabVIEW CLI;C:\Program Files (x86)\IVI Foundation\IVI\bin;C:\Program Files\IVI Foundation\IVI\bin;C:\Program Files (x86)\IVI Foundation\VISA\WinNT\Bin\;C:\Program Files\IVI Foundation\VISA\Win64\Bin\;C:\Program Files (x86)\IVI Foundation\VISA\WinNT\Bin;C:\Program Files\Microsoft SQL Server\Client SDK\ODBC\110\Tools\Binn\;C:\Program Files (x86)\Microsoft SQL Server\120\Tools\Binn\;C:\Program Files\Microsoft SQL Server\120\Tools\Binn\;C:\Program Files\Microsoft SQL Server\120\DTS\Binn\;C:\Program Files (x86)\Windows Kits\8.1\Windows Performance Toolkit\;C:\Program Files\TortoiseSVN\bin;C:\Program Files\Git\cmd;C:\Program Files\MiKTeX\miktex\bin\x64\;C:\Program Files\PuTTY\;C:\Program Files\Microsoft VS Code\bin;C:\Users\jsalvadormo\AppData\Local\Microsoft\WindowsApps;;.]
27-Feb-2023 11:06:26.985 INFO [main] org.apache.coyote.AbstractProtocol.init Initializing ProtocolHandler ["http-nio-8082"]
27-Feb-2023 11:06:32.136 INFO [main] org.apache.tomcat.util.net.NioSelectorPool.getSharedSelector Using a shared selector for servlet write/read
27-Feb-2023 11:06:32.145 INFO [main] org.apache.coyote.AbstractProtocol.init Initializing ProtocolHandler ["ajp-nio-8009"]
27-Feb-2023 11:06:32.147 INFO [main] org.apache.tomcat.util.net.NioSelectorPool.getSharedSelector Using a shared selector for servlet write/read
27-Feb-2023 11:06:32.148 INFO [main] org.apache.catalina.startup.Catalina.load Initialization processed in 8982 ms
27-Feb-2023 11:06:32.191 INFO [main] org.apache.catalina.core.StandardService.startInternal Starting service [Catalina]
27-Feb-2023 11:06:32.191 INFO [main] org.apache.catalina.core.StandardEngine.startInternal Starting Servlet Engine: Apache Tomcat/8.5.24
27-Feb-2023 11:06:32.205 INFO [localhost-startStop-1] org.apache.catalina.startup.HostConfig.deployDirectory Deploying web application directory [D:\Java8\apache-tomcat-8.5.24\webapps\docs]
27-Feb-2023 11:06:37.947 INFO [localhost-startStop-1] org.apache.jasper.servlet.TldScanner.scanJars At least one JAR was scanned for TLDs yet contained no TLDs. Enable debug logging for this logger for a complete list of JARs that were scanned but no TLDs were found in them. Skipping unneeded JARs during scanning can improve startup time and JSP compilation time.
27-Feb-2023 11:06:38.030 INFO [localhost-startStop-1] org.apache.catalina.startup.HostConfig.deployDirectory Deployment of web application directory [D:\Java8\apache-tomcat-8.5.24\webapps\docs] has finished in [5,824] ms
27-Feb-2023 11:06:38.031 INFO [localhost-startStop-1] org.apache.catalina.startup.HostConfig.deployDirectory Deploying web application directory [D:\Java8\apache-tomcat-8.5.24\webapps\examples]
27-Feb-2023 11:06:38.490 INFO [localhost-startStop-1] org.apache.jasper.servlet.TldScanner.scanJars At least one JAR was scanned for TLDs yet contained no TLDs. Enable debug logging for this logger for a complete list of JARs that were scanned but no TLDs were found in them. Skipping unneeded JARs during scanning can improve startup time and JSP compilation time.
27-Feb-2023 11:06:38.553 INFO [localhost-startStop-1] org.apache.catalina.startup.HostConfig.deployDirectory Deployment of web application directory [D:\Java8\apache-tomcat-8.5.24\webapps\examples] has finished in [522] ms
27-Feb-2023 11:06:38.553 INFO [localhost-startStop-1] org.apache.catalina.startup.HostConfig.deployDirectory Deploying web application directory [D:\Java8\apache-tomcat-8.5.24\webapps\host-manager]
27-Feb-2023 11:06:38.580 INFO [localhost-startStop-1] org.apache.jasper.servlet.TldScanner.scanJars At least one JAR was scanned for TLDs yet contained no TLDs. Enable debug logging for this logger for a complete list of JARs that were scanned but no TLDs were found in them. Skipping unneeded JARs during scanning can improve startup time and JSP compilation time.
27-Feb-2023 11:06:38.584 INFO [localhost-startStop-1] org.apache.catalina.startup.HostConfig.deployDirectory Deployment of web application directory [D:\Java8\apache-tomcat-8.5.24\webapps\host-manager] has finished in [31] ms
27-Feb-2023 11:06:38.584 INFO [localhost-startStop-1] org.apache.catalina.startup.HostConfig.deployDirectory Deploying web application directory [D:\Java8\apache-tomcat-8.5.24\webapps\ROOT]
27-Feb-2023 11:06:38.608 INFO [localhost-startStop-1] org.apache.jasper.servlet.TldScanner.scanJars At least one JAR was scanned for TLDs yet contained no TLDs. Enable debug logging for this logger for a complete list of JARs that were scanned but no TLDs were found in them. Skipping unneeded JARs during scanning can improve startup time and JSP compilation time.
27-Feb-2023 11:06:38.609 INFO [localhost-startStop-1] org.apache.catalina.startup.HostConfig.deployDirectory Deployment of web application directory [D:\Java8\apache-tomcat-8.5.24\webapps\ROOT] has finished in [25] ms
27-Feb-2023 11:06:38.609 INFO [localhost-startStop-1] org.apache.catalina.startup.HostConfig.deployDirectory Deploying web application directory [D:\Java8\apache-tomcat-8.5.24\webapps\SQLServer]
27-Feb-2023 11:06:46.644 INFO [localhost-startStop-1] org.apache.jasper.servlet.TldScanner.scanJars At least one JAR was scanned for TLDs yet contained no TLDs. Enable debug logging for this logger for a complete list of JARs that were scanned but no TLDs were found in them. Skipping unneeded JARs during scanning can improve startup time and JSP compilation time.
27-Feb-2023 11:06:46.655 INFO [localhost-startStop-1] org.apache.catalina.startup.HostConfig.deployDirectory Deployment of web application directory [D:\Java8\apache-tomcat-8.5.24\webapps\SQLServer] has finished in [8,046] ms
27-Feb-2023 11:06:46.655 INFO [localhost-startStop-1] org.apache.catalina.startup.HostConfig.deployDirectory Deploying web application directory [D:\Java8\apache-tomcat-8.5.24\webapps\TD]
27-Feb-2023 11:06:49.392 INFO [localhost-startStop-1] org.apache.jasper.servlet.TldScanner.scanJars At least one JAR was scanned for TLDs yet contained no TLDs. Enable debug logging for this logger for a complete list of JARs that were scanned but no TLDs were found in them. Skipping unneeded JARs during scanning can improve startup time and JSP compilation time.
27-Feb-2023 11:06:49.395 INFO [localhost-startStop-1] org.apache.catalina.startup.HostConfig.deployDirectory Deployment of web application directory [D:\Java8\apache-tomcat-8.5.24\webapps\TD] has finished in [2,740] ms
27-Feb-2023 11:06:49.395 INFO [localhost-startStop-1] org.apache.catalina.startup.HostConfig.deployDirectory Deploying web application directory [D:\Java8\apache-tomcat-8.5.24\webapps\EjeEv]
27-Feb-2023 11:06:52.090 INFO [localhost-startStop-1] org.apache.jasper.servlet.TldScanner.scanJars At least one JAR was scanned for TLDs yet contained no TLDs. Enable debug logging for this logger for a complete list of JARs that were scanned but no TLDs were found in them. Skipping unneeded JARs during scanning can improve startup time and JSP compilation time.
27-Feb-2023 11:06:52.092 INFO [localhost-startStop-1] org.apache.catalina.startup.HostConfig.deployDirectory Deployment of web application directory [D:\Java8\apache-tomcat-8.5.24\webapps\EjeEv] has finished in [2,697] ms
27-Feb-2023 11:06:52.092 INFO [localhost-startStop-1] org.apache.catalina.startup.HostConfig.deployDirectory Deploying web application directory [D:\Java8\apache-tomcat-8.5.24\webapps\EjeEv8]
27-Feb-2023 11:06:52.123 INFO [localhost-startStop-1] org.apache.jasper.servlet.TldScanner.scanJars At least one JAR was scanned for TLDs yet contained no TLDs. Enable debug logging for this logger for a complete list of JARs that were scanned but no TLDs were found in them. Skipping unneeded JARs during scanning can improve startup time and JSP compilation time.
27-Feb-2023 11:06:52.125 INFO [localhost-startStop-1] org.apache.catalina.startup.HostConfig.deployDirectory Deployment of web application directory [D:\Java8\apache-tomcat-8.5.24\webapps\EjeEv8] has finished in [33] ms
27-Feb-2023 11:06:52.126 INFO [localhost-startStop-1] org.apache.catalina.startup.HostConfig.deployDirectory Deploying web application directory [D:\Java8\apache-tomcat-8.5.24\webapps\PEB2022]
27-Feb-2023 11:06:52.159 INFO [localhost-startStop-1] org.apache.jasper.servlet.TldScanner.scanJars At least one JAR was scanned for TLDs yet contained no TLDs. Enable debug logging for this logger for a complete list of JARs that were scanned but no TLDs were found in them. Skipping unneeded JARs during scanning can improve startup time and JSP compilation time.
27-Feb-2023 11:06:52.161 INFO [localhost-startStop-1] org.apache.catalina.startup.HostConfig.deployDirectory Deployment of web application directory [D:\Java8\apache-tomcat-8.5.24\webapps\PEB2022] has finished in [35] ms
27-Feb-2023 11:06:52.161 INFO [localhost-startStop-1] org.apache.catalina.startup.HostConfig.deployDirectory Deploying web application directory [D:\Java8\apache-tomcat-8.5.24\webapps\TD2022_04_27]
27-Feb-2023 11:06:52.200 INFO [localhost-startStop-1] org.apache.jasper.servlet.TldScanner.scanJars At least one JAR was scanned for TLDs yet contained no TLDs. Enable debug logging for this logger for a complete list of JARs that were scanned but no TLDs were found in them. Skipping unneeded JARs during scanning can improve startup time and JSP compilation time.
27-Feb-2023 11:06:52.202 INFO [localhost-startStop-1] org.apache.catalina.startup.HostConfig.deployDirectory Deployment of web application directory [D:\Java8\apache-tomcat-8.5.24\webapps\TD2022_04_27] has finished in [41] ms
27-Feb-2023 11:06:52.202 INFO [localhost-startStop-1] org.apache.catalina.startup.HostConfig.deployDirectory Deploying web application directory [D:\Java8\apache-tomcat-8.5.24\webapps\TrabajoSoftware]
27-Feb-2023 11:06:52.260 INFO [localhost-startStop-1] org.apache.jasper.servlet.TldScanner.scanJars At least one JAR was scanned for TLDs yet contained no TLDs. Enable debug logging for this logger for a complete list of JARs that were scanned but no TLDs were found in them. Skipping unneeded JARs during scanning can improve startup time and JSP compilation time.
27-Feb-2023 11:06:52.262 INFO [localhost-startStop-1] org.apache.catalina.startup.HostConfig.deployDirectory Deployment of web application directory [D:\Java8\apache-tomcat-8.5.24\webapps\TrabajoSoftware] has finished in [60] ms
27-Feb-2023 11:06:52.263 INFO [localhost-startStop-1] org.apache.catalina.startup.HostConfig.deployDirectory Deploying web application directory [D:\Java8\apache-tomcat-8.5.24\webapps\EjeEvSoftware]
27-Feb-2023 11:06:52.292 INFO [localhost-startStop-1] org.apache.jasper.servlet.TldScanner.scanJars At least one JAR was scanned for TLDs yet contained no TLDs. Enable debug logging for this logger for a complete list of JARs that were scanned but no TLDs were found in them. Skipping unneeded JARs during scanning can improve startup time and JSP compilation time.
27-Feb-2023 11:06:52.295 INFO [localhost-startStop-1] org.apache.catalina.startup.HostConfig.deployDirectory Deployment of web application directory [D:\Java8\apache-tomcat-8.5.24\webapps\EjeEvSoftware] has finished in [32] ms
27-Feb-2023 11:06:52.295 INFO [localhost-startStop-1] org.apache.catalina.startup.HostConfig.deployDirectory Deploying web application directory [D:\Java8\apache-tomcat-8.5.24\webapps\Adicional]
27-Feb-2023 11:06:52.325 INFO [localhost-startStop-1] org.apache.jasper.servlet.TldScanner.scanJars At least one JAR was scanned for TLDs yet contained no TLDs. Enable debug logging for this logger for a complete list of JARs that were scanned but no TLDs were found in them. Skipping unneeded JARs during scanning can improve startup time and JSP compilation time.
27-Feb-2023 11:06:52.327 INFO [localhost-startStop-1] org.apache.catalina.startup.HostConfig.deployDirectory Deployment of web application directory [D:\Java8\apache-tomcat-8.5.24\webapps\Adicional] has finished in [32] ms
27-Feb-2023 11:06:52.327 INFO [localhost-startStop-1] org.apache.catalina.startup.HostConfig.deployDirectory Deploying web application directory [D:\Java8\apache-tomcat-8.5.24\webapps\northbrick1]
27-Feb-2023 11:06:55.044 INFO [localhost-startStop-1] org.apache.jasper.servlet.TldScanner.scanJars At least one JAR was scanned for TLDs yet contained no TLDs. Enable debug logging for this logger for a complete list of JARs that were scanned but no TLDs were found in them. Skipping unneeded JARs during scanning can improve startup time and JSP compilation time.
27-Feb-2023 11:06:55.047 INFO [localhost-startStop-1] org.apache.catalina.startup.HostConfig.deployDirectory Deployment of web application directory [D:\Java8\apache-tomcat-8.5.24\webapps\northbrick1] has finished in [2,720] ms
27-Feb-2023 11:06:55.048 INFO [localhost-startStop-1] org.apache.catalina.startup.HostConfig.deployDirectory Deploying web application directory [D:\Java8\apache-tomcat-8.5.24\webapps\SE2022_02_18]
27-Feb-2023 11:06:55.090 INFO [localhost-startStop-1] org.apache.jasper.servlet.TldScanner.scanJars At least one JAR was scanned for TLDs yet contained no TLDs. Enable debug logging for this logger for a complete list of JARs that were scanned but no TLDs were found in them. Skipping unneeded JARs during scanning can improve startup time and JSP compilation time.
27-Feb-2023 11:06:55.092 INFO [localhost-startStop-1] org.apache.catalina.startup.HostConfig.deployDirectory Deployment of web application directory [D:\Java8\apache-tomcat-8.5.24\webapps\SE2022_02_18] has finished in [44] ms
27-Feb-2023 11:06:55.093 INFO [localhost-startStop-1] org.apache.catalina.startup.HostConfig.deployDirectory Deploying web application directory [D:\Java8\apache-tomcat-8.5.24\webapps\SE2023_02_16]
27-Feb-2023 11:06:55.131 INFO [localhost-startStop-1] org.apache.jasper.servlet.TldScanner.scanJars At least one JAR was scanned for TLDs yet contained no TLDs. Enable debug logging for this logger for a complete list of JARs that were scanned but no TLDs were found in them. Skipping unneeded JARs during scanning can improve startup time and JSP compilation time.
27-Feb-2023 11:06:55.134 INFO [localhost-startStop-1] org.apache.catalina.startup.HostConfig.deployDirectory Deployment of web application directory [D:\Java8\apache-tomcat-8.5.24\webapps\SE2023_02_16] has finished in [41] ms
27-Feb-2023 11:06:55.134 INFO [localhost-startStop-1] org.apache.catalina.startup.HostConfig.deployDirectory Deploying web application directory [D:\Java8\apache-tomcat-8.5.24\webapps\northbrick3]
27-Feb-2023 11:06:57.971 INFO [localhost-startStop-1] org.apache.jasper.servlet.TldScanner.scanJars At least one JAR was scanned for TLDs yet contained no TLDs. Enable debug logging for this logger for a complete list of JARs that were scanned but no TLDs were found in them. Skipping unneeded JARs during scanning can improve startup time and JSP compilation time.
27-Feb-2023 11:06:57.975 INFO [localhost-startStop-1] org.apache.catalina.startup.HostConfig.deployDirectory Deployment of web application directory [D:\Java8\apache-tomcat-8.5.24\webapps\northbrick3] has finished in [2,841] ms
27-Feb-2023 11:06:57.980 INFO [main] org.apache.coyote.AbstractProtocol.start Starting ProtocolHandler ["http-nio-8082"]
27-Feb-2023 11:06:57.990 INFO [main] org.apache.coyote.AbstractProtocol.start Starting ProtocolHandler ["ajp-nio-8009"]
27-Feb-2023 11:06:57.993 INFO [main] org.apache.catalina.startup.Catalina.start Server startup in 25845 ms
