26-Jan-2023 09:53:08.841 INFO [main] org.apache.catalina.startup.VersionLoggerListener.log Server version:        Apache Tomcat/8.5.24
26-Jan-2023 09:53:08.845 INFO [main] org.apache.catalina.startup.VersionLoggerListener.log Server built:          Nov 27 2017 13:05:30 UTC
26-Jan-2023 09:53:08.845 INFO [main] org.apache.catalina.startup.VersionLoggerListener.log Server number:         8.5.24.0
26-Jan-2023 09:53:08.846 INFO [main] org.apache.catalina.startup.VersionLoggerListener.log OS Name:               Windows 10
26-Jan-2023 09:53:08.846 INFO [main] org.apache.catalina.startup.VersionLoggerListener.log OS Version:            10.0
26-Jan-2023 09:53:08.846 INFO [main] org.apache.catalina.startup.VersionLoggerListener.log Architecture:          x86
26-Jan-2023 09:53:08.846 INFO [main] org.apache.catalina.startup.VersionLoggerListener.log Java Home:             E:\Java8\jdk1.8.0_131\jre
26-Jan-2023 09:53:08.846 INFO [main] org.apache.catalina.startup.VersionLoggerListener.log JVM Version:           1.8.0_131-b11
26-Jan-2023 09:53:08.846 INFO [main] org.apache.catalina.startup.VersionLoggerListener.log JVM Vendor:            Oracle Corporation
26-Jan-2023 09:53:08.846 INFO [main] org.apache.catalina.startup.VersionLoggerListener.log CATALINA_BASE:         E:\Java8\apache-tomcat-8.5.24
26-Jan-2023 09:53:08.846 INFO [main] org.apache.catalina.startup.VersionLoggerListener.log CATALINA_HOME:         E:\Java8\apache-tomcat-8.5.24
26-Jan-2023 09:53:08.849 INFO [main] org.apache.catalina.startup.VersionLoggerListener.log Command line argument: -Djava.util.logging.config.file=E:\Java8\apache-tomcat-8.5.24\conf\logging.properties
26-Jan-2023 09:53:08.850 INFO [main] org.apache.catalina.startup.VersionLoggerListener.log Command line argument: -Djava.util.logging.manager=org.apache.juli.ClassLoaderLogManager
26-Jan-2023 09:53:08.850 INFO [main] org.apache.catalina.startup.VersionLoggerListener.log Command line argument: -Djdk.tls.ephemeralDHKeySize=2048
26-Jan-2023 09:53:08.850 INFO [main] org.apache.catalina.startup.VersionLoggerListener.log Command line argument: -Djava.protocol.handler.pkgs=org.apache.catalina.webresources
26-Jan-2023 09:53:08.850 INFO [main] org.apache.catalina.startup.VersionLoggerListener.log Command line argument: -Dignore.endorsed.dirs=
26-Jan-2023 09:53:08.850 INFO [main] org.apache.catalina.startup.VersionLoggerListener.log Command line argument: -Dcatalina.base=E:\Java8\apache-tomcat-8.5.24
26-Jan-2023 09:53:08.851 INFO [main] org.apache.catalina.startup.VersionLoggerListener.log Command line argument: -Dcatalina.home=E:\Java8\apache-tomcat-8.5.24
26-Jan-2023 09:53:08.851 INFO [main] org.apache.catalina.startup.VersionLoggerListener.log Command line argument: -Djava.io.tmpdir=E:\Java8\apache-tomcat-8.5.24\temp
26-Jan-2023 09:53:08.852 INFO [main] org.apache.catalina.core.AprLifecycleListener.lifecycleEvent The APR based Apache Tomcat Native library which allows optimal performance in production environments was not found on the java.library.path: [E:\Java8\jdk1.8.0_131\bin;C:\WINDOWS\Sun\Java\bin;C:\WINDOWS\system32;C:\WINDOWS;E:\Java8\jdk1.8.0_131\bin;E:\Java8\jdk1.8.0_131\db\bin;E:\Java8\squirrelsql-4.0.0-standard;E:\Java8\apache-tomcat-8.5.24\bin;C:\Program Files\IBM\ILOG\CPLEX_Studio1210\opl\bin\x64_win64;C:\Program Files\IBM\ILOG\CPLEX_Studio1210\opl\oplide\;C:\Program Files\IBM\ILOG\CPLEX_Studio1210\cplex\bin\x64_win64;C:\Program Files\IBM\ILOG\CPLEX_Studio1210\cpoptimizer\bin\x64_win64;C:\Program Files (x86)\NVIDIA Corporation\PhysX\Common;C:\Program Files\Eclipse Foundation\jdk-16.0.2.7-hotspot\bin;C:\Program Files\IBM\ILOG\CPLEX_Studio221\opl\bin\x64_win64;C:\Program Files\IBM\ILOG\CPLEX_Studio221\opl\oplide\;C:\Program Files\IBM\ILOG\CPLEX_Studio221\cplex\bin\x64_win64;C:\Program Files\IBM\ILOG\CPLEX_Studio221\cpoptimizer\bin\x64_win64;C:\Program Files\Python38\Scripts\;C:\Program Files\Python38\;C:\Program Files (x86)\VMware\VMware Player\bin\;C:\WINDOWS\system32;C:\WINDOWS;C:\WINDOWS\System32\Wbem;C:\WINDOWS\System32\WindowsPowerShell\v1.0\;C:\WINDOWS\System32\OpenSSH\;C:\Program Files\dotnet\;C:\Program Files\Microsoft SQL Server\130\Tools\Binn\;C:\Program Files (x86)\dotnet\;C:\Program Files\MATLAB\R2022a\runtime\win64;C:\Program Files\MATLAB\R2022a\bin;C:\Program Files\MATLAB\R2019a\bin;C:\Program Files (x86)\National Instruments\Shared\LabVIEW CLI;C:\Program Files (x86)\IVI Foundation\IVI\bin;C:\Program Files\IVI Foundation\IVI\bin;C:\Program Files (x86)\IVI Foundation\VISA\WinNT\Bin\;C:\Program Files\IVI Foundation\VISA\Win64\Bin\;C:\Program Files (x86)\IVI Foundation\VISA\WinNT\Bin;C:\Program Files\Microsoft SQL Server\Client SDK\ODBC\110\Tools\Binn\;C:\Program Files (x86)\Microsoft SQL Server\120\Tools\Binn\;C:\Program Files\Microsoft SQL Server\120\Tools\Binn\;C:\Program Files\Microsoft SQL Server\120\DTS\Binn\;C:\Program Files (x86)\Windows Kits\8.1\Windows Performance Toolkit\;C:\Program Files\TortoiseSVN\bin;C:\Program Files\Git\cmd;C:\Program Files\MiKTeX\miktex\bin\x64\;C:\Program Files\PuTTY\;C:\Program Files\Microsoft VS Code\bin;C:\Users\jsalvadormo\AppData\Local\Microsoft\WindowsApps;;.]
26-Jan-2023 09:53:25.328 INFO [main] org.apache.coyote.AbstractProtocol.init Initializing ProtocolHandler ["http-nio-8082"]
26-Jan-2023 09:53:30.540 INFO [main] org.apache.tomcat.util.net.NioSelectorPool.getSharedSelector Using a shared selector for servlet write/read
26-Jan-2023 09:53:30.550 INFO [main] org.apache.coyote.AbstractProtocol.init Initializing ProtocolHandler ["ajp-nio-8009"]
26-Jan-2023 09:53:30.551 INFO [main] org.apache.tomcat.util.net.NioSelectorPool.getSharedSelector Using a shared selector for servlet write/read
26-Jan-2023 09:53:30.552 INFO [main] org.apache.catalina.startup.Catalina.load Initialization processed in 25214 ms
26-Jan-2023 09:53:30.595 INFO [main] org.apache.catalina.core.StandardService.startInternal Starting service [Catalina]
26-Jan-2023 09:53:30.596 INFO [main] org.apache.catalina.core.StandardEngine.startInternal Starting Servlet Engine: Apache Tomcat/8.5.24
26-Jan-2023 09:53:30.615 INFO [localhost-startStop-1] org.apache.catalina.startup.HostConfig.deployDirectory Deploying web application directory [E:\Java8\apache-tomcat-8.5.24\webapps\docs]
26-Jan-2023 09:53:39.039 INFO [localhost-startStop-1] org.apache.jasper.servlet.TldScanner.scanJars At least one JAR was scanned for TLDs yet contained no TLDs. Enable debug logging for this logger for a complete list of JARs that were scanned but no TLDs were found in them. Skipping unneeded JARs during scanning can improve startup time and JSP compilation time.
26-Jan-2023 09:53:39.130 INFO [localhost-startStop-1] org.apache.catalina.startup.HostConfig.deployDirectory Deployment of web application directory [E:\Java8\apache-tomcat-8.5.24\webapps\docs] has finished in [8,513] ms
26-Jan-2023 09:53:39.130 INFO [localhost-startStop-1] org.apache.catalina.startup.HostConfig.deployDirectory Deploying web application directory [E:\Java8\apache-tomcat-8.5.24\webapps\examples]
26-Jan-2023 09:53:39.622 INFO [localhost-startStop-1] org.apache.jasper.servlet.TldScanner.scanJars At least one JAR was scanned for TLDs yet contained no TLDs. Enable debug logging for this logger for a complete list of JARs that were scanned but no TLDs were found in them. Skipping unneeded JARs during scanning can improve startup time and JSP compilation time.
26-Jan-2023 09:53:39.680 INFO [localhost-startStop-1] org.apache.catalina.startup.HostConfig.deployDirectory Deployment of web application directory [E:\Java8\apache-tomcat-8.5.24\webapps\examples] has finished in [550] ms
26-Jan-2023 09:53:39.680 INFO [localhost-startStop-1] org.apache.catalina.startup.HostConfig.deployDirectory Deploying web application directory [E:\Java8\apache-tomcat-8.5.24\webapps\host-manager]
26-Jan-2023 09:53:39.710 INFO [localhost-startStop-1] org.apache.jasper.servlet.TldScanner.scanJars At least one JAR was scanned for TLDs yet contained no TLDs. Enable debug logging for this logger for a complete list of JARs that were scanned but no TLDs were found in them. Skipping unneeded JARs during scanning can improve startup time and JSP compilation time.
26-Jan-2023 09:53:39.713 INFO [localhost-startStop-1] org.apache.catalina.startup.HostConfig.deployDirectory Deployment of web application directory [E:\Java8\apache-tomcat-8.5.24\webapps\host-manager] has finished in [32] ms
26-Jan-2023 09:53:39.715 INFO [localhost-startStop-1] org.apache.catalina.startup.HostConfig.deployDirectory Deploying web application directory [E:\Java8\apache-tomcat-8.5.24\webapps\ROOT]
26-Jan-2023 09:53:39.735 INFO [localhost-startStop-1] org.apache.jasper.servlet.TldScanner.scanJars At least one JAR was scanned for TLDs yet contained no TLDs. Enable debug logging for this logger for a complete list of JARs that were scanned but no TLDs were found in them. Skipping unneeded JARs during scanning can improve startup time and JSP compilation time.
26-Jan-2023 09:53:39.737 INFO [localhost-startStop-1] org.apache.catalina.startup.HostConfig.deployDirectory Deployment of web application directory [E:\Java8\apache-tomcat-8.5.24\webapps\ROOT] has finished in [21] ms
26-Jan-2023 09:53:39.737 INFO [localhost-startStop-1] org.apache.catalina.startup.HostConfig.deployDirectory Deploying web application directory [E:\Java8\apache-tomcat-8.5.24\webapps\SQLServer]
26-Jan-2023 09:53:45.111 INFO [localhost-startStop-1] org.apache.jasper.servlet.TldScanner.scanJars At least one JAR was scanned for TLDs yet contained no TLDs. Enable debug logging for this logger for a complete list of JARs that were scanned but no TLDs were found in them. Skipping unneeded JARs during scanning can improve startup time and JSP compilation time.
26-Jan-2023 09:53:45.121 INFO [localhost-startStop-1] org.apache.catalina.startup.HostConfig.deployDirectory Deployment of web application directory [E:\Java8\apache-tomcat-8.5.24\webapps\SQLServer] has finished in [5,384] ms
26-Jan-2023 09:53:45.122 INFO [localhost-startStop-1] org.apache.catalina.startup.HostConfig.deployDirectory Deploying web application directory [E:\Java8\apache-tomcat-8.5.24\webapps\TD]
26-Jan-2023 09:53:53.192 INFO [localhost-startStop-1] org.apache.jasper.servlet.TldScanner.scanJars At least one JAR was scanned for TLDs yet contained no TLDs. Enable debug logging for this logger for a complete list of JARs that were scanned but no TLDs were found in them. Skipping unneeded JARs during scanning can improve startup time and JSP compilation time.
26-Jan-2023 09:53:53.194 INFO [localhost-startStop-1] org.apache.catalina.startup.HostConfig.deployDirectory Deployment of web application directory [E:\Java8\apache-tomcat-8.5.24\webapps\TD] has finished in [8,072] ms
26-Jan-2023 09:53:53.194 INFO [localhost-startStop-1] org.apache.catalina.startup.HostConfig.deployDirectory Deploying web application directory [E:\Java8\apache-tomcat-8.5.24\webapps\EjeEv]
26-Jan-2023 09:53:55.904 INFO [localhost-startStop-1] org.apache.jasper.servlet.TldScanner.scanJars At least one JAR was scanned for TLDs yet contained no TLDs. Enable debug logging for this logger for a complete list of JARs that were scanned but no TLDs were found in them. Skipping unneeded JARs during scanning can improve startup time and JSP compilation time.
26-Jan-2023 09:53:55.907 INFO [localhost-startStop-1] org.apache.catalina.startup.HostConfig.deployDirectory Deployment of web application directory [E:\Java8\apache-tomcat-8.5.24\webapps\EjeEv] has finished in [2,713] ms
26-Jan-2023 09:53:55.907 INFO [localhost-startStop-1] org.apache.catalina.startup.HostConfig.deployDirectory Deploying web application directory [E:\Java8\apache-tomcat-8.5.24\webapps\EjeEv8]
26-Jan-2023 09:53:55.935 INFO [localhost-startStop-1] org.apache.jasper.servlet.TldScanner.scanJars At least one JAR was scanned for TLDs yet contained no TLDs. Enable debug logging for this logger for a complete list of JARs that were scanned but no TLDs were found in them. Skipping unneeded JARs during scanning can improve startup time and JSP compilation time.
26-Jan-2023 09:53:55.937 INFO [localhost-startStop-1] org.apache.catalina.startup.HostConfig.deployDirectory Deployment of web application directory [E:\Java8\apache-tomcat-8.5.24\webapps\EjeEv8] has finished in [30] ms
26-Jan-2023 09:53:55.937 INFO [localhost-startStop-1] org.apache.catalina.startup.HostConfig.deployDirectory Deploying web application directory [E:\Java8\apache-tomcat-8.5.24\webapps\PEB2022]
26-Jan-2023 09:53:55.969 INFO [localhost-startStop-1] org.apache.jasper.servlet.TldScanner.scanJars At least one JAR was scanned for TLDs yet contained no TLDs. Enable debug logging for this logger for a complete list of JARs that were scanned but no TLDs were found in them. Skipping unneeded JARs during scanning can improve startup time and JSP compilation time.
26-Jan-2023 09:53:55.971 INFO [localhost-startStop-1] org.apache.catalina.startup.HostConfig.deployDirectory Deployment of web application directory [E:\Java8\apache-tomcat-8.5.24\webapps\PEB2022] has finished in [34] ms
26-Jan-2023 09:53:55.971 INFO [localhost-startStop-1] org.apache.catalina.startup.HostConfig.deployDirectory Deploying web application directory [E:\Java8\apache-tomcat-8.5.24\webapps\TD2022_04_27]
26-Jan-2023 09:53:56.010 INFO [localhost-startStop-1] org.apache.jasper.servlet.TldScanner.scanJars At least one JAR was scanned for TLDs yet contained no TLDs. Enable debug logging for this logger for a complete list of JARs that were scanned but no TLDs were found in them. Skipping unneeded JARs during scanning can improve startup time and JSP compilation time.
26-Jan-2023 09:53:56.013 INFO [localhost-startStop-1] org.apache.catalina.startup.HostConfig.deployDirectory Deployment of web application directory [E:\Java8\apache-tomcat-8.5.24\webapps\TD2022_04_27] has finished in [41] ms
26-Jan-2023 09:53:56.021 INFO [main] org.apache.coyote.AbstractProtocol.start Starting ProtocolHandler ["http-nio-8082"]
26-Jan-2023 09:53:56.030 INFO [main] org.apache.coyote.AbstractProtocol.start Starting ProtocolHandler ["ajp-nio-8009"]
26-Jan-2023 09:53:56.033 INFO [main] org.apache.catalina.startup.Catalina.start Server startup in 25481 ms
26-Jan-2023 09:54:46.564 INFO [main] org.apache.catalina.core.StandardServer.await A valid shutdown command was received via the shutdown port. Stopping the Server instance.
26-Jan-2023 09:54:46.564 INFO [main] org.apache.coyote.AbstractProtocol.pause Pausing ProtocolHandler ["http-nio-8082"]
26-Jan-2023 09:54:46.776 INFO [main] org.apache.coyote.AbstractProtocol.pause Pausing ProtocolHandler ["ajp-nio-8009"]
26-Jan-2023 09:54:46.949 INFO [main] org.apache.catalina.core.StandardService.stopInternal Stopping service [Catalina]
26-Jan-2023 09:54:46.999 INFO [main] org.apache.coyote.AbstractProtocol.stop Stopping ProtocolHandler ["http-nio-8082"]
26-Jan-2023 09:54:47.002 INFO [main] org.apache.coyote.AbstractProtocol.stop Stopping ProtocolHandler ["ajp-nio-8009"]
26-Jan-2023 09:54:47.005 INFO [main] org.apache.coyote.AbstractProtocol.destroy Destroying ProtocolHandler ["http-nio-8082"]
26-Jan-2023 09:54:47.006 INFO [main] org.apache.coyote.AbstractProtocol.destroy Destroying ProtocolHandler ["ajp-nio-8009"]
26-Jan-2023 09:57:55.474 INFO [main] org.apache.catalina.startup.VersionLoggerListener.log Server version:        Apache Tomcat/8.5.24
26-Jan-2023 09:57:55.476 INFO [main] org.apache.catalina.startup.VersionLoggerListener.log Server built:          Nov 27 2017 13:05:30 UTC
26-Jan-2023 09:57:55.477 INFO [main] org.apache.catalina.startup.VersionLoggerListener.log Server number:         8.5.24.0
26-Jan-2023 09:57:55.477 INFO [main] org.apache.catalina.startup.VersionLoggerListener.log OS Name:               Windows 10
26-Jan-2023 09:57:55.477 INFO [main] org.apache.catalina.startup.VersionLoggerListener.log OS Version:            10.0
26-Jan-2023 09:57:55.477 INFO [main] org.apache.catalina.startup.VersionLoggerListener.log Architecture:          x86
26-Jan-2023 09:57:55.477 INFO [main] org.apache.catalina.startup.VersionLoggerListener.log Java Home:             E:\Java8\jdk1.8.0_131\jre
26-Jan-2023 09:57:55.477 INFO [main] org.apache.catalina.startup.VersionLoggerListener.log JVM Version:           1.8.0_131-b11
26-Jan-2023 09:57:55.478 INFO [main] org.apache.catalina.startup.VersionLoggerListener.log JVM Vendor:            Oracle Corporation
26-Jan-2023 09:57:55.478 INFO [main] org.apache.catalina.startup.VersionLoggerListener.log CATALINA_BASE:         E:\Java8\apache-tomcat-8.5.24
26-Jan-2023 09:57:55.478 INFO [main] org.apache.catalina.startup.VersionLoggerListener.log CATALINA_HOME:         E:\Java8\apache-tomcat-8.5.24
26-Jan-2023 09:57:55.481 INFO [main] org.apache.catalina.startup.VersionLoggerListener.log Command line argument: -Djava.util.logging.config.file=E:\Java8\apache-tomcat-8.5.24\conf\logging.properties
26-Jan-2023 09:57:55.481 INFO [main] org.apache.catalina.startup.VersionLoggerListener.log Command line argument: -Djava.util.logging.manager=org.apache.juli.ClassLoaderLogManager
26-Jan-2023 09:57:55.481 INFO [main] org.apache.catalina.startup.VersionLoggerListener.log Command line argument: -Djdk.tls.ephemeralDHKeySize=2048
26-Jan-2023 09:57:55.482 INFO [main] org.apache.catalina.startup.VersionLoggerListener.log Command line argument: -Djava.protocol.handler.pkgs=org.apache.catalina.webresources
26-Jan-2023 09:57:55.482 INFO [main] org.apache.catalina.startup.VersionLoggerListener.log Command line argument: -Dignore.endorsed.dirs=
26-Jan-2023 09:57:55.482 INFO [main] org.apache.catalina.startup.VersionLoggerListener.log Command line argument: -Dcatalina.base=E:\Java8\apache-tomcat-8.5.24
26-Jan-2023 09:57:55.483 INFO [main] org.apache.catalina.startup.VersionLoggerListener.log Command line argument: -Dcatalina.home=E:\Java8\apache-tomcat-8.5.24
26-Jan-2023 09:57:55.483 INFO [main] org.apache.catalina.startup.VersionLoggerListener.log Command line argument: -Djava.io.tmpdir=E:\Java8\apache-tomcat-8.5.24\temp
26-Jan-2023 09:57:55.484 INFO [main] org.apache.catalina.core.AprLifecycleListener.lifecycleEvent The APR based Apache Tomcat Native library which allows optimal performance in production environments was not found on the java.library.path: [E:\Java8\jdk1.8.0_131\bin;C:\WINDOWS\Sun\Java\bin;C:\WINDOWS\system32;C:\WINDOWS;E:\Java8\jdk1.8.0_131\bin;E:\Java8\jdk1.8.0_131\db\bin;E:\Java8\squirrelsql-4.0.0-standard;E:\Java8\apache-tomcat-8.5.24\bin;C:\Program Files\IBM\ILOG\CPLEX_Studio1210\opl\bin\x64_win64;C:\Program Files\IBM\ILOG\CPLEX_Studio1210\opl\oplide\;C:\Program Files\IBM\ILOG\CPLEX_Studio1210\cplex\bin\x64_win64;C:\Program Files\IBM\ILOG\CPLEX_Studio1210\cpoptimizer\bin\x64_win64;C:\Program Files (x86)\NVIDIA Corporation\PhysX\Common;C:\Program Files\Eclipse Foundation\jdk-16.0.2.7-hotspot\bin;C:\Program Files\IBM\ILOG\CPLEX_Studio221\opl\bin\x64_win64;C:\Program Files\IBM\ILOG\CPLEX_Studio221\opl\oplide\;C:\Program Files\IBM\ILOG\CPLEX_Studio221\cplex\bin\x64_win64;C:\Program Files\IBM\ILOG\CPLEX_Studio221\cpoptimizer\bin\x64_win64;C:\Program Files\Python38\Scripts\;C:\Program Files\Python38\;C:\Program Files (x86)\VMware\VMware Player\bin\;C:\WINDOWS\system32;C:\WINDOWS;C:\WINDOWS\System32\Wbem;C:\WINDOWS\System32\WindowsPowerShell\v1.0\;C:\WINDOWS\System32\OpenSSH\;C:\Program Files\dotnet\;C:\Program Files\Microsoft SQL Server\130\Tools\Binn\;C:\Program Files (x86)\dotnet\;C:\Program Files\MATLAB\R2022a\runtime\win64;C:\Program Files\MATLAB\R2022a\bin;C:\Program Files\MATLAB\R2019a\bin;C:\Program Files (x86)\National Instruments\Shared\LabVIEW CLI;C:\Program Files (x86)\IVI Foundation\IVI\bin;C:\Program Files\IVI Foundation\IVI\bin;C:\Program Files (x86)\IVI Foundation\VISA\WinNT\Bin\;C:\Program Files\IVI Foundation\VISA\Win64\Bin\;C:\Program Files (x86)\IVI Foundation\VISA\WinNT\Bin;C:\Program Files\Microsoft SQL Server\Client SDK\ODBC\110\Tools\Binn\;C:\Program Files (x86)\Microsoft SQL Server\120\Tools\Binn\;C:\Program Files\Microsoft SQL Server\120\Tools\Binn\;C:\Program Files\Microsoft SQL Server\120\DTS\Binn\;C:\Program Files (x86)\Windows Kits\8.1\Windows Performance Toolkit\;C:\Program Files\TortoiseSVN\bin;C:\Program Files\Git\cmd;C:\Program Files\MiKTeX\miktex\bin\x64\;C:\Program Files\PuTTY\;C:\Program Files\Microsoft VS Code\bin;C:\Users\jsalvadormo\AppData\Local\Microsoft\WindowsApps;;.]
26-Jan-2023 09:57:55.570 INFO [main] org.apache.coyote.AbstractProtocol.init Initializing ProtocolHandler ["http-nio-8082"]
26-Jan-2023 09:58:00.619 INFO [main] org.apache.tomcat.util.net.NioSelectorPool.getSharedSelector Using a shared selector for servlet write/read
26-Jan-2023 09:58:00.623 INFO [main] org.apache.coyote.AbstractProtocol.init Initializing ProtocolHandler ["ajp-nio-8009"]
26-Jan-2023 09:58:00.625 INFO [main] org.apache.tomcat.util.net.NioSelectorPool.getSharedSelector Using a shared selector for servlet write/read
26-Jan-2023 09:58:00.625 INFO [main] org.apache.catalina.startup.Catalina.load Initialization processed in 5398 ms
26-Jan-2023 09:58:00.647 INFO [main] org.apache.catalina.core.StandardService.startInternal Starting service [Catalina]
26-Jan-2023 09:58:00.647 INFO [main] org.apache.catalina.core.StandardEngine.startInternal Starting Servlet Engine: Apache Tomcat/8.5.24
26-Jan-2023 09:58:00.654 INFO [localhost-startStop-1] org.apache.catalina.startup.HostConfig.deployDirectory Deploying web application directory [E:\Java8\apache-tomcat-8.5.24\webapps\docs]
26-Jan-2023 09:58:00.830 INFO [localhost-startStop-1] org.apache.jasper.servlet.TldScanner.scanJars At least one JAR was scanned for TLDs yet contained no TLDs. Enable debug logging for this logger for a complete list of JARs that were scanned but no TLDs were found in them. Skipping unneeded JARs during scanning can improve startup time and JSP compilation time.
26-Jan-2023 09:58:00.887 INFO [localhost-startStop-1] org.apache.catalina.startup.HostConfig.deployDirectory Deployment of web application directory [E:\Java8\apache-tomcat-8.5.24\webapps\docs] has finished in [232] ms
26-Jan-2023 09:58:00.887 INFO [localhost-startStop-1] org.apache.catalina.startup.HostConfig.deployDirectory Deploying web application directory [E:\Java8\apache-tomcat-8.5.24\webapps\examples]
26-Jan-2023 09:58:01.150 INFO [localhost-startStop-1] org.apache.jasper.servlet.TldScanner.scanJars At least one JAR was scanned for TLDs yet contained no TLDs. Enable debug logging for this logger for a complete list of JARs that were scanned but no TLDs were found in them. Skipping unneeded JARs during scanning can improve startup time and JSP compilation time.
26-Jan-2023 09:58:01.187 INFO [localhost-startStop-1] org.apache.catalina.startup.HostConfig.deployDirectory Deployment of web application directory [E:\Java8\apache-tomcat-8.5.24\webapps\examples] has finished in [300] ms
26-Jan-2023 09:58:01.187 INFO [localhost-startStop-1] org.apache.catalina.startup.HostConfig.deployDirectory Deploying web application directory [E:\Java8\apache-tomcat-8.5.24\webapps\host-manager]
26-Jan-2023 09:58:01.232 INFO [localhost-startStop-1] org.apache.jasper.servlet.TldScanner.scanJars At least one JAR was scanned for TLDs yet contained no TLDs. Enable debug logging for this logger for a complete list of JARs that were scanned but no TLDs were found in them. Skipping unneeded JARs during scanning can improve startup time and JSP compilation time.
26-Jan-2023 09:58:01.235 INFO [localhost-startStop-1] org.apache.catalina.startup.HostConfig.deployDirectory Deployment of web application directory [E:\Java8\apache-tomcat-8.5.24\webapps\host-manager] has finished in [47] ms
26-Jan-2023 09:58:01.235 INFO [localhost-startStop-1] org.apache.catalina.startup.HostConfig.deployDirectory Deploying web application directory [E:\Java8\apache-tomcat-8.5.24\webapps\ROOT]
26-Jan-2023 09:58:01.255 INFO [localhost-startStop-1] org.apache.jasper.servlet.TldScanner.scanJars At least one JAR was scanned for TLDs yet contained no TLDs. Enable debug logging for this logger for a complete list of JARs that were scanned but no TLDs were found in them. Skipping unneeded JARs during scanning can improve startup time and JSP compilation time.
26-Jan-2023 09:58:01.257 INFO [localhost-startStop-1] org.apache.catalina.startup.HostConfig.deployDirectory Deployment of web application directory [E:\Java8\apache-tomcat-8.5.24\webapps\ROOT] has finished in [22] ms
26-Jan-2023 09:58:01.257 INFO [localhost-startStop-1] org.apache.catalina.startup.HostConfig.deployDirectory Deploying web application directory [E:\Java8\apache-tomcat-8.5.24\webapps\SQLServer]
26-Jan-2023 09:58:01.282 INFO [localhost-startStop-1] org.apache.jasper.servlet.TldScanner.scanJars At least one JAR was scanned for TLDs yet contained no TLDs. Enable debug logging for this logger for a complete list of JARs that were scanned but no TLDs were found in them. Skipping unneeded JARs during scanning can improve startup time and JSP compilation time.
26-Jan-2023 09:58:01.286 INFO [localhost-startStop-1] org.apache.catalina.startup.HostConfig.deployDirectory Deployment of web application directory [E:\Java8\apache-tomcat-8.5.24\webapps\SQLServer] has finished in [28] ms
26-Jan-2023 09:58:01.286 INFO [localhost-startStop-1] org.apache.catalina.startup.HostConfig.deployDirectory Deploying web application directory [E:\Java8\apache-tomcat-8.5.24\webapps\TD]
26-Jan-2023 09:58:01.319 INFO [localhost-startStop-1] org.apache.jasper.servlet.TldScanner.scanJars At least one JAR was scanned for TLDs yet contained no TLDs. Enable debug logging for this logger for a complete list of JARs that were scanned but no TLDs were found in them. Skipping unneeded JARs during scanning can improve startup time and JSP compilation time.
26-Jan-2023 09:58:01.321 INFO [localhost-startStop-1] org.apache.catalina.startup.HostConfig.deployDirectory Deployment of web application directory [E:\Java8\apache-tomcat-8.5.24\webapps\TD] has finished in [35] ms
26-Jan-2023 09:58:01.322 INFO [localhost-startStop-1] org.apache.catalina.startup.HostConfig.deployDirectory Deploying web application directory [E:\Java8\apache-tomcat-8.5.24\webapps\EjeEv]
26-Jan-2023 09:58:01.343 INFO [localhost-startStop-1] org.apache.jasper.servlet.TldScanner.scanJars At least one JAR was scanned for TLDs yet contained no TLDs. Enable debug logging for this logger for a complete list of JARs that were scanned but no TLDs were found in them. Skipping unneeded JARs during scanning can improve startup time and JSP compilation time.
26-Jan-2023 09:58:01.345 INFO [localhost-startStop-1] org.apache.catalina.startup.HostConfig.deployDirectory Deployment of web application directory [E:\Java8\apache-tomcat-8.5.24\webapps\EjeEv] has finished in [23] ms
26-Jan-2023 09:58:01.345 INFO [localhost-startStop-1] org.apache.catalina.startup.HostConfig.deployDirectory Deploying web application directory [E:\Java8\apache-tomcat-8.5.24\webapps\EjeEv8]
26-Jan-2023 09:58:01.370 INFO [localhost-startStop-1] org.apache.jasper.servlet.TldScanner.scanJars At least one JAR was scanned for TLDs yet contained no TLDs. Enable debug logging for this logger for a complete list of JARs that were scanned but no TLDs were found in them. Skipping unneeded JARs during scanning can improve startup time and JSP compilation time.
26-Jan-2023 09:58:01.372 INFO [localhost-startStop-1] org.apache.catalina.startup.HostConfig.deployDirectory Deployment of web application directory [E:\Java8\apache-tomcat-8.5.24\webapps\EjeEv8] has finished in [27] ms
26-Jan-2023 09:58:01.372 INFO [localhost-startStop-1] org.apache.catalina.startup.HostConfig.deployDirectory Deploying web application directory [E:\Java8\apache-tomcat-8.5.24\webapps\PEB2022]
26-Jan-2023 09:58:01.395 INFO [localhost-startStop-1] org.apache.jasper.servlet.TldScanner.scanJars At least one JAR was scanned for TLDs yet contained no TLDs. Enable debug logging for this logger for a complete list of JARs that were scanned but no TLDs were found in them. Skipping unneeded JARs during scanning can improve startup time and JSP compilation time.
26-Jan-2023 09:58:01.397 INFO [localhost-startStop-1] org.apache.catalina.startup.HostConfig.deployDirectory Deployment of web application directory [E:\Java8\apache-tomcat-8.5.24\webapps\PEB2022] has finished in [25] ms
26-Jan-2023 09:58:01.397 INFO [localhost-startStop-1] org.apache.catalina.startup.HostConfig.deployDirectory Deploying web application directory [E:\Java8\apache-tomcat-8.5.24\webapps\TD2022_04_27]
26-Jan-2023 09:58:01.421 INFO [localhost-startStop-1] org.apache.jasper.servlet.TldScanner.scanJars At least one JAR was scanned for TLDs yet contained no TLDs. Enable debug logging for this logger for a complete list of JARs that were scanned but no TLDs were found in them. Skipping unneeded JARs during scanning can improve startup time and JSP compilation time.
26-Jan-2023 09:58:01.423 INFO [localhost-startStop-1] org.apache.catalina.startup.HostConfig.deployDirectory Deployment of web application directory [E:\Java8\apache-tomcat-8.5.24\webapps\TD2022_04_27] has finished in [26] ms
26-Jan-2023 09:58:01.427 INFO [main] org.apache.coyote.AbstractProtocol.start Starting ProtocolHandler ["http-nio-8082"]
26-Jan-2023 09:58:01.435 INFO [main] org.apache.coyote.AbstractProtocol.start Starting ProtocolHandler ["ajp-nio-8009"]
26-Jan-2023 09:58:01.437 INFO [main] org.apache.catalina.startup.Catalina.start Server startup in 811 ms
26-Jan-2023 10:01:10.800 INFO [main] org.apache.catalina.core.StandardServer.await A valid shutdown command was received via the shutdown port. Stopping the Server instance.
26-Jan-2023 10:01:10.801 INFO [main] org.apache.coyote.AbstractProtocol.pause Pausing ProtocolHandler ["http-nio-8082"]
26-Jan-2023 10:01:11.009 INFO [main] org.apache.coyote.AbstractProtocol.pause Pausing ProtocolHandler ["ajp-nio-8009"]
26-Jan-2023 10:01:11.168 INFO [main] org.apache.catalina.core.StandardService.stopInternal Stopping service [Catalina]
26-Jan-2023 10:01:11.207 INFO [main] org.apache.coyote.AbstractProtocol.stop Stopping ProtocolHandler ["http-nio-8082"]
26-Jan-2023 10:01:11.210 INFO [main] org.apache.coyote.AbstractProtocol.stop Stopping ProtocolHandler ["ajp-nio-8009"]
26-Jan-2023 10:01:11.213 INFO [main] org.apache.coyote.AbstractProtocol.destroy Destroying ProtocolHandler ["http-nio-8082"]
26-Jan-2023 10:01:11.214 INFO [main] org.apache.coyote.AbstractProtocol.destroy Destroying ProtocolHandler ["ajp-nio-8009"]
26-Jan-2023 10:01:18.042 INFO [main] org.apache.catalina.startup.VersionLoggerListener.log Server version:        Apache Tomcat/8.5.24
26-Jan-2023 10:01:18.044 INFO [main] org.apache.catalina.startup.VersionLoggerListener.log Server built:          Nov 27 2017 13:05:30 UTC
26-Jan-2023 10:01:18.044 INFO [main] org.apache.catalina.startup.VersionLoggerListener.log Server number:         8.5.24.0
26-Jan-2023 10:01:18.044 INFO [main] org.apache.catalina.startup.VersionLoggerListener.log OS Name:               Windows 10
26-Jan-2023 10:01:18.045 INFO [main] org.apache.catalina.startup.VersionLoggerListener.log OS Version:            10.0
26-Jan-2023 10:01:18.045 INFO [main] org.apache.catalina.startup.VersionLoggerListener.log Architecture:          x86
26-Jan-2023 10:01:18.045 INFO [main] org.apache.catalina.startup.VersionLoggerListener.log Java Home:             E:\Java8\jdk1.8.0_131\jre
26-Jan-2023 10:01:18.045 INFO [main] org.apache.catalina.startup.VersionLoggerListener.log JVM Version:           1.8.0_131-b11
26-Jan-2023 10:01:18.045 INFO [main] org.apache.catalina.startup.VersionLoggerListener.log JVM Vendor:            Oracle Corporation
26-Jan-2023 10:01:18.046 INFO [main] org.apache.catalina.startup.VersionLoggerListener.log CATALINA_BASE:         E:\Java8\apache-tomcat-8.5.24
26-Jan-2023 10:01:18.048 INFO [main] org.apache.catalina.startup.VersionLoggerListener.log CATALINA_HOME:         E:\Java8\apache-tomcat-8.5.24
26-Jan-2023 10:01:18.049 INFO [main] org.apache.catalina.startup.VersionLoggerListener.log Command line argument: -Djava.util.logging.config.file=E:\Java8\apache-tomcat-8.5.24\conf\logging.properties
26-Jan-2023 10:01:18.049 INFO [main] org.apache.catalina.startup.VersionLoggerListener.log Command line argument: -Djava.util.logging.manager=org.apache.juli.ClassLoaderLogManager
26-Jan-2023 10:01:18.049 INFO [main] org.apache.catalina.startup.VersionLoggerListener.log Command line argument: -Djdk.tls.ephemeralDHKeySize=2048
26-Jan-2023 10:01:18.050 INFO [main] org.apache.catalina.startup.VersionLoggerListener.log Command line argument: -Djava.protocol.handler.pkgs=org.apache.catalina.webresources
26-Jan-2023 10:01:18.050 INFO [main] org.apache.catalina.startup.VersionLoggerListener.log Command line argument: -Dignore.endorsed.dirs=
26-Jan-2023 10:01:18.050 INFO [main] org.apache.catalina.startup.VersionLoggerListener.log Command line argument: -Dcatalina.base=E:\Java8\apache-tomcat-8.5.24
26-Jan-2023 10:01:18.051 INFO [main] org.apache.catalina.startup.VersionLoggerListener.log Command line argument: -Dcatalina.home=E:\Java8\apache-tomcat-8.5.24
26-Jan-2023 10:01:18.051 INFO [main] org.apache.catalina.startup.VersionLoggerListener.log Command line argument: -Djava.io.tmpdir=E:\Java8\apache-tomcat-8.5.24\temp
26-Jan-2023 10:01:18.052 INFO [main] org.apache.catalina.core.AprLifecycleListener.lifecycleEvent The APR based Apache Tomcat Native library which allows optimal performance in production environments was not found on the java.library.path: [E:\Java8\jdk1.8.0_131\bin;C:\WINDOWS\Sun\Java\bin;C:\WINDOWS\system32;C:\WINDOWS;E:\Java8\jdk1.8.0_131\bin;E:\Java8\jdk1.8.0_131\db\bin;E:\Java8\squirrelsql-4.0.0-standard;E:\Java8\apache-tomcat-8.5.24\bin;C:\Program Files\IBM\ILOG\CPLEX_Studio1210\opl\bin\x64_win64;C:\Program Files\IBM\ILOG\CPLEX_Studio1210\opl\oplide\;C:\Program Files\IBM\ILOG\CPLEX_Studio1210\cplex\bin\x64_win64;C:\Program Files\IBM\ILOG\CPLEX_Studio1210\cpoptimizer\bin\x64_win64;C:\Program Files (x86)\NVIDIA Corporation\PhysX\Common;C:\Program Files\Eclipse Foundation\jdk-16.0.2.7-hotspot\bin;C:\Program Files\IBM\ILOG\CPLEX_Studio221\opl\bin\x64_win64;C:\Program Files\IBM\ILOG\CPLEX_Studio221\opl\oplide\;C:\Program Files\IBM\ILOG\CPLEX_Studio221\cplex\bin\x64_win64;C:\Program Files\IBM\ILOG\CPLEX_Studio221\cpoptimizer\bin\x64_win64;C:\Program Files\Python38\Scripts\;C:\Program Files\Python38\;C:\Program Files (x86)\VMware\VMware Player\bin\;C:\WINDOWS\system32;C:\WINDOWS;C:\WINDOWS\System32\Wbem;C:\WINDOWS\System32\WindowsPowerShell\v1.0\;C:\WINDOWS\System32\OpenSSH\;C:\Program Files\dotnet\;C:\Program Files\Microsoft SQL Server\130\Tools\Binn\;C:\Program Files (x86)\dotnet\;C:\Program Files\MATLAB\R2022a\runtime\win64;C:\Program Files\MATLAB\R2022a\bin;C:\Program Files\MATLAB\R2019a\bin;C:\Program Files (x86)\National Instruments\Shared\LabVIEW CLI;C:\Program Files (x86)\IVI Foundation\IVI\bin;C:\Program Files\IVI Foundation\IVI\bin;C:\Program Files (x86)\IVI Foundation\VISA\WinNT\Bin\;C:\Program Files\IVI Foundation\VISA\Win64\Bin\;C:\Program Files (x86)\IVI Foundation\VISA\WinNT\Bin;C:\Program Files\Microsoft SQL Server\Client SDK\ODBC\110\Tools\Binn\;C:\Program Files (x86)\Microsoft SQL Server\120\Tools\Binn\;C:\Program Files\Microsoft SQL Server\120\Tools\Binn\;C:\Program Files\Microsoft SQL Server\120\DTS\Binn\;C:\Program Files (x86)\Windows Kits\8.1\Windows Performance Toolkit\;C:\Program Files\TortoiseSVN\bin;C:\Program Files\Git\cmd;C:\Program Files\MiKTeX\miktex\bin\x64\;C:\Program Files\PuTTY\;C:\Program Files\Microsoft VS Code\bin;C:\Users\jsalvadormo\AppData\Local\Microsoft\WindowsApps;;.]
26-Jan-2023 10:01:18.157 INFO [main] org.apache.coyote.AbstractProtocol.init Initializing ProtocolHandler ["http-nio-8082"]
26-Jan-2023 10:01:23.204 INFO [main] org.apache.tomcat.util.net.NioSelectorPool.getSharedSelector Using a shared selector for servlet write/read
26-Jan-2023 10:01:23.209 INFO [main] org.apache.coyote.AbstractProtocol.init Initializing ProtocolHandler ["ajp-nio-8009"]
26-Jan-2023 10:01:23.211 INFO [main] org.apache.tomcat.util.net.NioSelectorPool.getSharedSelector Using a shared selector for servlet write/read
26-Jan-2023 10:01:23.211 INFO [main] org.apache.catalina.startup.Catalina.load Initialization processed in 5435 ms
26-Jan-2023 10:01:23.234 INFO [main] org.apache.catalina.core.StandardService.startInternal Starting service [Catalina]
26-Jan-2023 10:01:23.234 INFO [main] org.apache.catalina.core.StandardEngine.startInternal Starting Servlet Engine: Apache Tomcat/8.5.24
26-Jan-2023 10:01:23.242 INFO [localhost-startStop-1] org.apache.catalina.startup.HostConfig.deployDirectory Deploying web application directory [E:\Java8\apache-tomcat-8.5.24\webapps\docs]
26-Jan-2023 10:01:23.421 INFO [localhost-startStop-1] org.apache.jasper.servlet.TldScanner.scanJars At least one JAR was scanned for TLDs yet contained no TLDs. Enable debug logging for this logger for a complete list of JARs that were scanned but no TLDs were found in them. Skipping unneeded JARs during scanning can improve startup time and JSP compilation time.
26-Jan-2023 10:01:23.478 INFO [localhost-startStop-1] org.apache.catalina.startup.HostConfig.deployDirectory Deployment of web application directory [E:\Java8\apache-tomcat-8.5.24\webapps\docs] has finished in [236] ms
26-Jan-2023 10:01:23.479 INFO [localhost-startStop-1] org.apache.catalina.startup.HostConfig.deployDirectory Deploying web application directory [E:\Java8\apache-tomcat-8.5.24\webapps\examples]
26-Jan-2023 10:01:23.739 INFO [localhost-startStop-1] org.apache.jasper.servlet.TldScanner.scanJars At least one JAR was scanned for TLDs yet contained no TLDs. Enable debug logging for this logger for a complete list of JARs that were scanned but no TLDs were found in them. Skipping unneeded JARs during scanning can improve startup time and JSP compilation time.
26-Jan-2023 10:01:23.778 INFO [localhost-startStop-1] org.apache.catalina.startup.HostConfig.deployDirectory Deployment of web application directory [E:\Java8\apache-tomcat-8.5.24\webapps\examples] has finished in [299] ms
26-Jan-2023 10:01:23.778 INFO [localhost-startStop-1] org.apache.catalina.startup.HostConfig.deployDirectory Deploying web application directory [E:\Java8\apache-tomcat-8.5.24\webapps\host-manager]
26-Jan-2023 10:01:23.825 INFO [localhost-startStop-1] org.apache.jasper.servlet.TldScanner.scanJars At least one JAR was scanned for TLDs yet contained no TLDs. Enable debug logging for this logger for a complete list of JARs that were scanned but no TLDs were found in them. Skipping unneeded JARs during scanning can improve startup time and JSP compilation time.
26-Jan-2023 10:01:23.828 INFO [localhost-startStop-1] org.apache.catalina.startup.HostConfig.deployDirectory Deployment of web application directory [E:\Java8\apache-tomcat-8.5.24\webapps\host-manager] has finished in [50] ms
26-Jan-2023 10:01:23.828 INFO [localhost-startStop-1] org.apache.catalina.startup.HostConfig.deployDirectory Deploying web application directory [E:\Java8\apache-tomcat-8.5.24\webapps\ROOT]
26-Jan-2023 10:01:23.850 INFO [localhost-startStop-1] org.apache.jasper.servlet.TldScanner.scanJars At least one JAR was scanned for TLDs yet contained no TLDs. Enable debug logging for this logger for a complete list of JARs that were scanned but no TLDs were found in them. Skipping unneeded JARs during scanning can improve startup time and JSP compilation time.
26-Jan-2023 10:01:23.852 INFO [localhost-startStop-1] org.apache.catalina.startup.HostConfig.deployDirectory Deployment of web application directory [E:\Java8\apache-tomcat-8.5.24\webapps\ROOT] has finished in [24] ms
26-Jan-2023 10:01:23.852 INFO [localhost-startStop-1] org.apache.catalina.startup.HostConfig.deployDirectory Deploying web application directory [E:\Java8\apache-tomcat-8.5.24\webapps\SQLServer]
26-Jan-2023 10:01:23.879 INFO [localhost-startStop-1] org.apache.jasper.servlet.TldScanner.scanJars At least one JAR was scanned for TLDs yet contained no TLDs. Enable debug logging for this logger for a complete list of JARs that were scanned but no TLDs were found in them. Skipping unneeded JARs during scanning can improve startup time and JSP compilation time.
26-Jan-2023 10:01:23.883 INFO [localhost-startStop-1] org.apache.catalina.startup.HostConfig.deployDirectory Deployment of web application directory [E:\Java8\apache-tomcat-8.5.24\webapps\SQLServer] has finished in [31] ms
26-Jan-2023 10:01:23.883 INFO [localhost-startStop-1] org.apache.catalina.startup.HostConfig.deployDirectory Deploying web application directory [E:\Java8\apache-tomcat-8.5.24\webapps\TD]
26-Jan-2023 10:01:23.919 INFO [localhost-startStop-1] org.apache.jasper.servlet.TldScanner.scanJars At least one JAR was scanned for TLDs yet contained no TLDs. Enable debug logging for this logger for a complete list of JARs that were scanned but no TLDs were found in them. Skipping unneeded JARs during scanning can improve startup time and JSP compilation time.
26-Jan-2023 10:01:23.921 INFO [localhost-startStop-1] org.apache.catalina.startup.HostConfig.deployDirectory Deployment of web application directory [E:\Java8\apache-tomcat-8.5.24\webapps\TD] has finished in [38] ms
26-Jan-2023 10:01:23.922 INFO [localhost-startStop-1] org.apache.catalina.startup.HostConfig.deployDirectory Deploying web application directory [E:\Java8\apache-tomcat-8.5.24\webapps\EjeEv]
26-Jan-2023 10:01:23.944 INFO [localhost-startStop-1] org.apache.jasper.servlet.TldScanner.scanJars At least one JAR was scanned for TLDs yet contained no TLDs. Enable debug logging for this logger for a complete list of JARs that were scanned but no TLDs were found in them. Skipping unneeded JARs during scanning can improve startup time and JSP compilation time.
26-Jan-2023 10:01:23.946 INFO [localhost-startStop-1] org.apache.catalina.startup.HostConfig.deployDirectory Deployment of web application directory [E:\Java8\apache-tomcat-8.5.24\webapps\EjeEv] has finished in [24] ms
26-Jan-2023 10:01:23.946 INFO [localhost-startStop-1] org.apache.catalina.startup.HostConfig.deployDirectory Deploying web application directory [E:\Java8\apache-tomcat-8.5.24\webapps\EjeEv8]
26-Jan-2023 10:01:23.974 INFO [localhost-startStop-1] org.apache.jasper.servlet.TldScanner.scanJars At least one JAR was scanned for TLDs yet contained no TLDs. Enable debug logging for this logger for a complete list of JARs that were scanned but no TLDs were found in them. Skipping unneeded JARs during scanning can improve startup time and JSP compilation time.
26-Jan-2023 10:01:23.976 INFO [localhost-startStop-1] org.apache.catalina.startup.HostConfig.deployDirectory Deployment of web application directory [E:\Java8\apache-tomcat-8.5.24\webapps\EjeEv8] has finished in [30] ms
26-Jan-2023 10:01:23.976 INFO [localhost-startStop-1] org.apache.catalina.startup.HostConfig.deployDirectory Deploying web application directory [E:\Java8\apache-tomcat-8.5.24\webapps\PEB2022]
26-Jan-2023 10:01:24.000 INFO [localhost-startStop-1] org.apache.jasper.servlet.TldScanner.scanJars At least one JAR was scanned for TLDs yet contained no TLDs. Enable debug logging for this logger for a complete list of JARs that were scanned but no TLDs were found in them. Skipping unneeded JARs during scanning can improve startup time and JSP compilation time.
26-Jan-2023 10:01:24.002 INFO [localhost-startStop-1] org.apache.catalina.startup.HostConfig.deployDirectory Deployment of web application directory [E:\Java8\apache-tomcat-8.5.24\webapps\PEB2022] has finished in [26] ms
26-Jan-2023 10:01:24.002 INFO [localhost-startStop-1] org.apache.catalina.startup.HostConfig.deployDirectory Deploying web application directory [E:\Java8\apache-tomcat-8.5.24\webapps\TD2022_04_27]
26-Jan-2023 10:01:24.027 INFO [localhost-startStop-1] org.apache.jasper.servlet.TldScanner.scanJars At least one JAR was scanned for TLDs yet contained no TLDs. Enable debug logging for this logger for a complete list of JARs that were scanned but no TLDs were found in them. Skipping unneeded JARs during scanning can improve startup time and JSP compilation time.
26-Jan-2023 10:01:24.029 INFO [localhost-startStop-1] org.apache.catalina.startup.HostConfig.deployDirectory Deployment of web application directory [E:\Java8\apache-tomcat-8.5.24\webapps\TD2022_04_27] has finished in [27] ms
26-Jan-2023 10:01:24.034 INFO [main] org.apache.coyote.AbstractProtocol.start Starting ProtocolHandler ["http-nio-8082"]
26-Jan-2023 10:01:24.041 INFO [main] org.apache.coyote.AbstractProtocol.start Starting ProtocolHandler ["ajp-nio-8009"]
26-Jan-2023 10:01:24.043 INFO [main] org.apache.catalina.startup.Catalina.start Server startup in 831 ms
26-Jan-2023 10:16:44.905 INFO [main] org.apache.catalina.core.StandardServer.await A valid shutdown command was received via the shutdown port. Stopping the Server instance.
26-Jan-2023 10:16:44.905 INFO [main] org.apache.coyote.AbstractProtocol.pause Pausing ProtocolHandler ["http-nio-8082"]
26-Jan-2023 10:16:45.112 INFO [main] org.apache.coyote.AbstractProtocol.pause Pausing ProtocolHandler ["ajp-nio-8009"]
26-Jan-2023 10:16:45.272 INFO [main] org.apache.catalina.core.StandardService.stopInternal Stopping service [Catalina]
26-Jan-2023 10:16:45.307 INFO [main] org.apache.coyote.AbstractProtocol.stop Stopping ProtocolHandler ["http-nio-8082"]
26-Jan-2023 10:16:45.309 INFO [main] org.apache.coyote.AbstractProtocol.stop Stopping ProtocolHandler ["ajp-nio-8009"]
26-Jan-2023 10:16:45.311 INFO [main] org.apache.coyote.AbstractProtocol.destroy Destroying ProtocolHandler ["http-nio-8082"]
26-Jan-2023 10:16:45.312 INFO [main] org.apache.coyote.AbstractProtocol.destroy Destroying ProtocolHandler ["ajp-nio-8009"]
