02-Apr-2022 21:22:18.190 INFO [main] org.apache.catalina.startup.VersionLoggerListener.log Server version:        Apache Tomcat/8.5.24
02-Apr-2022 21:22:18.206 INFO [main] org.apache.catalina.startup.VersionLoggerListener.log Server built:          Nov 27 2017 13:05:30 UTC
02-Apr-2022 21:22:18.206 INFO [main] org.apache.catalina.startup.VersionLoggerListener.log Server number:         8.5.24.0
02-Apr-2022 21:22:18.206 INFO [main] org.apache.catalina.startup.VersionLoggerListener.log OS Name:               Windows 10
02-Apr-2022 21:22:18.206 INFO [main] org.apache.catalina.startup.VersionLoggerListener.log OS Version:            10.0
02-Apr-2022 21:22:18.206 INFO [main] org.apache.catalina.startup.VersionLoggerListener.log Architecture:          x86
02-Apr-2022 21:22:18.206 INFO [main] org.apache.catalina.startup.VersionLoggerListener.log Java Home:             F:\Java8\jdk1.8.0_131\jre
02-Apr-2022 21:22:18.206 INFO [main] org.apache.catalina.startup.VersionLoggerListener.log JVM Version:           1.8.0_131-b11
02-Apr-2022 21:22:18.206 INFO [main] org.apache.catalina.startup.VersionLoggerListener.log JVM Vendor:            Oracle Corporation
02-Apr-2022 21:22:18.206 INFO [main] org.apache.catalina.startup.VersionLoggerListener.log CATALINA_BASE:         F:\Java8\apache-tomcat-8.5.24
02-Apr-2022 21:22:18.206 INFO [main] org.apache.catalina.startup.VersionLoggerListener.log CATALINA_HOME:         F:\Java8\apache-tomcat-8.5.24
02-Apr-2022 21:22:18.206 INFO [main] org.apache.catalina.startup.VersionLoggerListener.log Command line argument: -Djava.util.logging.config.file=F:\Java8\apache-tomcat-8.5.24\conf\logging.properties
02-Apr-2022 21:22:18.206 INFO [main] org.apache.catalina.startup.VersionLoggerListener.log Command line argument: -Djava.util.logging.manager=org.apache.juli.ClassLoaderLogManager
02-Apr-2022 21:22:18.206 INFO [main] org.apache.catalina.startup.VersionLoggerListener.log Command line argument: -Djdk.tls.ephemeralDHKeySize=2048
02-Apr-2022 21:22:18.206 INFO [main] org.apache.catalina.startup.VersionLoggerListener.log Command line argument: -Djava.protocol.handler.pkgs=org.apache.catalina.webresources
02-Apr-2022 21:22:18.206 INFO [main] org.apache.catalina.startup.VersionLoggerListener.log Command line argument: -Dignore.endorsed.dirs=
02-Apr-2022 21:22:18.206 INFO [main] org.apache.catalina.startup.VersionLoggerListener.log Command line argument: -Dcatalina.base=F:\Java8\apache-tomcat-8.5.24
02-Apr-2022 21:22:18.206 INFO [main] org.apache.catalina.startup.VersionLoggerListener.log Command line argument: -Dcatalina.home=F:\Java8\apache-tomcat-8.5.24
02-Apr-2022 21:22:18.221 INFO [main] org.apache.catalina.startup.VersionLoggerListener.log Command line argument: -Djava.io.tmpdir=F:\Java8\apache-tomcat-8.5.24\temp
02-Apr-2022 21:22:18.224 INFO [main] org.apache.catalina.core.AprLifecycleListener.lifecycleEvent The APR based Apache Tomcat Native library which allows optimal performance in production environments was not found on the java.library.path: [F:\Java8\jdk1.8.0_131\bin;C:\WINDOWS\Sun\Java\bin;C:\WINDOWS\system32;C:\WINDOWS;F:\Java8\jdk1.8.0_131\bin;F:\Java8\apache-tomcat-8.5.24\bin;F:\Java8\jdk1.8.0_131\bin;F:\Java8\jdk1.8.0_131\db\bin;F:\Java8\squirrelsql-4.0.0-standard;F:\Java8\apache-tomcat-8.5.24\bin;C:\Program Files (x86)\Common Files\Oracle\Java\javapath;C:\WINDOWS\system32;C:\WINDOWS;C:\WINDOWS\System32\Wbem;C:\WINDOWS\System32\WindowsPowerShell\v1.0\;C:\WINDOWS\System32\OpenSSH\;C:\Program Files\MATLAB\R2020a\bin;C:\Program Files\AutoFirma\AutoFirma;C:\Users\juanf\AppData\Local\Programs\Python\Python39\Scripts\;C:\Users\juanf\AppData\Local\Programs\Python\Python39\;C:\Users\juanf\AppData\Local\Microsoft\WindowsApps;;C:\Program Files\JetBrains\PyCharm 2021.1.2\bin;;C:\Users\juanf\AppData\Local\Programs\Microsoft VS Code\bin;.]
02-Apr-2022 21:22:24.376 INFO [main] org.apache.coyote.AbstractProtocol.init Initializing ProtocolHandler ["http-nio-8082"]
02-Apr-2022 21:22:25.621 INFO [main] org.apache.tomcat.util.net.NioSelectorPool.getSharedSelector Using a shared selector for servlet write/read
02-Apr-2022 21:22:25.652 INFO [main] org.apache.coyote.AbstractProtocol.init Initializing ProtocolHandler ["ajp-nio-8009"]
02-Apr-2022 21:22:25.652 INFO [main] org.apache.tomcat.util.net.NioSelectorPool.getSharedSelector Using a shared selector for servlet write/read
02-Apr-2022 21:22:25.652 INFO [main] org.apache.catalina.startup.Catalina.load Initialization processed in 11453 ms
02-Apr-2022 21:22:25.754 INFO [main] org.apache.catalina.core.StandardService.startInternal Starting service [Catalina]
02-Apr-2022 21:22:25.754 INFO [main] org.apache.catalina.core.StandardEngine.startInternal Starting Servlet Engine: Apache Tomcat/8.5.24
02-Apr-2022 21:22:25.784 INFO [localhost-startStop-1] org.apache.catalina.startup.HostConfig.deployDirectory Deploying web application directory [F:\Java8\apache-tomcat-8.5.24\webapps\docs]
02-Apr-2022 21:22:32.166 INFO [localhost-startStop-1] org.apache.jasper.servlet.TldScanner.scanJars At least one JAR was scanned for TLDs yet contained no TLDs. Enable debug logging for this logger for a complete list of JARs that were scanned but no TLDs were found in them. Skipping unneeded JARs during scanning can improve startup time and JSP compilation time.
02-Apr-2022 21:22:32.333 INFO [localhost-startStop-1] org.apache.catalina.startup.HostConfig.deployDirectory Deployment of web application directory [F:\Java8\apache-tomcat-8.5.24\webapps\docs] has finished in [6,549] ms
02-Apr-2022 21:22:32.333 INFO [localhost-startStop-1] org.apache.catalina.startup.HostConfig.deployDirectory Deploying web application directory [F:\Java8\apache-tomcat-8.5.24\webapps\examples]
02-Apr-2022 21:22:34.641 INFO [localhost-startStop-1] org.apache.jasper.servlet.TldScanner.scanJars At least one JAR was scanned for TLDs yet contained no TLDs. Enable debug logging for this logger for a complete list of JARs that were scanned but no TLDs were found in them. Skipping unneeded JARs during scanning can improve startup time and JSP compilation time.
02-Apr-2022 21:22:34.720 INFO [localhost-startStop-1] org.apache.catalina.startup.HostConfig.deployDirectory Deployment of web application directory [F:\Java8\apache-tomcat-8.5.24\webapps\examples] has finished in [2,387] ms
02-Apr-2022 21:22:34.720 INFO [localhost-startStop-1] org.apache.catalina.startup.HostConfig.deployDirectory Deploying web application directory [F:\Java8\apache-tomcat-8.5.24\webapps\host-manager]
02-Apr-2022 21:22:34.809 INFO [localhost-startStop-1] org.apache.jasper.servlet.TldScanner.scanJars At least one JAR was scanned for TLDs yet contained no TLDs. Enable debug logging for this logger for a complete list of JARs that were scanned but no TLDs were found in them. Skipping unneeded JARs during scanning can improve startup time and JSP compilation time.
02-Apr-2022 21:22:34.812 INFO [localhost-startStop-1] org.apache.catalina.startup.HostConfig.deployDirectory Deployment of web application directory [F:\Java8\apache-tomcat-8.5.24\webapps\host-manager] has finished in [92] ms
02-Apr-2022 21:22:34.812 INFO [localhost-startStop-1] org.apache.catalina.startup.HostConfig.deployDirectory Deploying web application directory [F:\Java8\apache-tomcat-8.5.24\webapps\ROOT]
02-Apr-2022 21:22:34.859 INFO [localhost-startStop-1] org.apache.jasper.servlet.TldScanner.scanJars At least one JAR was scanned for TLDs yet contained no TLDs. Enable debug logging for this logger for a complete list of JARs that were scanned but no TLDs were found in them. Skipping unneeded JARs during scanning can improve startup time and JSP compilation time.
02-Apr-2022 21:22:34.875 INFO [localhost-startStop-1] org.apache.catalina.startup.HostConfig.deployDirectory Deployment of web application directory [F:\Java8\apache-tomcat-8.5.24\webapps\ROOT] has finished in [63] ms
02-Apr-2022 21:22:34.875 INFO [localhost-startStop-1] org.apache.catalina.startup.HostConfig.deployDirectory Deploying web application directory [F:\Java8\apache-tomcat-8.5.24\webapps\SQLServer]
02-Apr-2022 21:22:37.646 INFO [localhost-startStop-1] org.apache.jasper.servlet.TldScanner.scanJars At least one JAR was scanned for TLDs yet contained no TLDs. Enable debug logging for this logger for a complete list of JARs that were scanned but no TLDs were found in them. Skipping unneeded JARs during scanning can improve startup time and JSP compilation time.
02-Apr-2022 21:22:37.662 INFO [localhost-startStop-1] org.apache.catalina.startup.HostConfig.deployDirectory Deployment of web application directory [F:\Java8\apache-tomcat-8.5.24\webapps\SQLServer] has finished in [2,787] ms
02-Apr-2022 21:22:37.664 INFO [localhost-startStop-1] org.apache.catalina.startup.HostConfig.deployDirectory Deploying web application directory [F:\Java8\apache-tomcat-8.5.24\webapps\Servlet1]
02-Apr-2022 21:22:43.096 INFO [localhost-startStop-1] org.apache.jasper.servlet.TldScanner.scanJars At least one JAR was scanned for TLDs yet contained no TLDs. Enable debug logging for this logger for a complete list of JARs that were scanned but no TLDs were found in them. Skipping unneeded JARs during scanning can improve startup time and JSP compilation time.
02-Apr-2022 21:22:43.096 INFO [localhost-startStop-1] org.apache.catalina.startup.HostConfig.deployDirectory Deployment of web application directory [F:\Java8\apache-tomcat-8.5.24\webapps\Servlet1] has finished in [5,432] ms
02-Apr-2022 21:22:43.096 INFO [localhost-startStop-1] org.apache.catalina.startup.HostConfig.deployDirectory Deploying web application directory [F:\Java8\apache-tomcat-8.5.24\webapps\TD]
02-Apr-2022 21:22:51.341 INFO [localhost-startStop-1] org.apache.jasper.servlet.TldScanner.scanJars At least one JAR was scanned for TLDs yet contained no TLDs. Enable debug logging for this logger for a complete list of JARs that were scanned but no TLDs were found in them. Skipping unneeded JARs during scanning can improve startup time and JSP compilation time.
02-Apr-2022 21:22:51.346 INFO [localhost-startStop-1] org.apache.catalina.startup.HostConfig.deployDirectory Deployment of web application directory [F:\Java8\apache-tomcat-8.5.24\webapps\TD] has finished in [8,250] ms
02-Apr-2022 21:22:51.346 INFO [localhost-startStop-1] org.apache.catalina.startup.HostConfig.deployDirectory Deploying web application directory [F:\Java8\apache-tomcat-8.5.24\webapps\EjeEv]
02-Apr-2022 21:22:51.487 INFO [localhost-startStop-1] org.apache.jasper.servlet.TldScanner.scanJars At least one JAR was scanned for TLDs yet contained no TLDs. Enable debug logging for this logger for a complete list of JARs that were scanned but no TLDs were found in them. Skipping unneeded JARs during scanning can improve startup time and JSP compilation time.
02-Apr-2022 21:22:51.496 INFO [localhost-startStop-1] org.apache.catalina.startup.HostConfig.deployDirectory Deployment of web application directory [F:\Java8\apache-tomcat-8.5.24\webapps\EjeEv] has finished in [150] ms
02-Apr-2022 21:22:51.511 INFO [main] org.apache.coyote.AbstractProtocol.start Starting ProtocolHandler ["http-nio-8082"]
02-Apr-2022 21:22:51.547 INFO [main] org.apache.coyote.AbstractProtocol.start Starting ProtocolHandler ["ajp-nio-8009"]
02-Apr-2022 21:22:51.561 INFO [main] org.apache.catalina.startup.Catalina.start Server startup in 25901 ms
02-Apr-2022 21:24:16.673 INFO [main] org.apache.catalina.core.StandardServer.await A valid shutdown command was received via the shutdown port. Stopping the Server instance.
02-Apr-2022 21:24:16.676 INFO [main] org.apache.coyote.AbstractProtocol.pause Pausing ProtocolHandler ["http-nio-8082"]
02-Apr-2022 21:24:19.829 INFO [main] org.apache.coyote.AbstractProtocol.pause Pausing ProtocolHandler ["ajp-nio-8009"]
02-Apr-2022 21:24:20.351 INFO [main] org.apache.catalina.core.StandardService.stopInternal Stopping service [Catalina]
02-Apr-2022 21:24:20.370 INFO [main] org.apache.catalina.startup.VersionLoggerListener.log Server version:        Apache Tomcat/8.5.24
02-Apr-2022 21:24:20.372 INFO [main] org.apache.catalina.startup.VersionLoggerListener.log Server built:          Nov 27 2017 13:05:30 UTC
02-Apr-2022 21:24:20.374 INFO [main] org.apache.catalina.startup.VersionLoggerListener.log Server number:         8.5.24.0
02-Apr-2022 21:24:20.375 INFO [main] org.apache.catalina.startup.VersionLoggerListener.log OS Name:               Windows 10
02-Apr-2022 21:24:20.375 INFO [main] org.apache.catalina.startup.VersionLoggerListener.log OS Version:            10.0
02-Apr-2022 21:24:20.375 INFO [main] org.apache.catalina.startup.VersionLoggerListener.log Architecture:          x86
02-Apr-2022 21:24:20.375 INFO [main] org.apache.catalina.startup.VersionLoggerListener.log Java Home:             F:\Java8\jdk1.8.0_131\jre
02-Apr-2022 21:24:20.376 INFO [main] org.apache.catalina.startup.VersionLoggerListener.log JVM Version:           1.8.0_131-b11
02-Apr-2022 21:24:20.376 INFO [main] org.apache.catalina.startup.VersionLoggerListener.log JVM Vendor:            Oracle Corporation
02-Apr-2022 21:24:20.376 INFO [main] org.apache.catalina.startup.VersionLoggerListener.log CATALINA_BASE:         F:\Java8\apache-tomcat-8.5.24
02-Apr-2022 21:24:20.377 INFO [main] org.apache.catalina.startup.VersionLoggerListener.log CATALINA_HOME:         F:\Java8\apache-tomcat-8.5.24
02-Apr-2022 21:24:20.377 INFO [main] org.apache.catalina.startup.VersionLoggerListener.log Command line argument: -Djava.util.logging.config.file=F:\Java8\apache-tomcat-8.5.24\conf\logging.properties
02-Apr-2022 21:24:20.377 INFO [main] org.apache.catalina.startup.VersionLoggerListener.log Command line argument: -Djava.util.logging.manager=org.apache.juli.ClassLoaderLogManager
02-Apr-2022 21:24:20.378 INFO [main] org.apache.catalina.startup.VersionLoggerListener.log Command line argument: -Djdk.tls.ephemeralDHKeySize=2048
02-Apr-2022 21:24:20.378 INFO [main] org.apache.catalina.startup.VersionLoggerListener.log Command line argument: -Djava.protocol.handler.pkgs=org.apache.catalina.webresources
02-Apr-2022 21:24:20.379 INFO [main] org.apache.catalina.startup.VersionLoggerListener.log Command line argument: -Dignore.endorsed.dirs=
02-Apr-2022 21:24:20.379 INFO [main] org.apache.catalina.startup.VersionLoggerListener.log Command line argument: -Dcatalina.base=F:\Java8\apache-tomcat-8.5.24
02-Apr-2022 21:24:20.380 INFO [main] org.apache.catalina.startup.VersionLoggerListener.log Command line argument: -Dcatalina.home=F:\Java8\apache-tomcat-8.5.24
02-Apr-2022 21:24:20.381 INFO [main] org.apache.catalina.startup.VersionLoggerListener.log Command line argument: -Djava.io.tmpdir=F:\Java8\apache-tomcat-8.5.24\temp
02-Apr-2022 21:24:20.381 INFO [main] org.apache.catalina.core.AprLifecycleListener.lifecycleEvent The APR based Apache Tomcat Native library which allows optimal performance in production environments was not found on the java.library.path: [F:\Java8\jdk1.8.0_131\bin;C:\WINDOWS\Sun\Java\bin;C:\WINDOWS\system32;C:\WINDOWS;F:\Java8\jdk1.8.0_131\bin;F:\Java8\apache-tomcat-8.5.24\bin;F:\Java8\jdk1.8.0_131\bin;F:\Java8\jdk1.8.0_131\db\bin;F:\Java8\squirrelsql-4.0.0-standard;F:\Java8\apache-tomcat-8.5.24\bin;C:\Program Files (x86)\Common Files\Oracle\Java\javapath;C:\WINDOWS\system32;C:\WINDOWS;C:\WINDOWS\System32\Wbem;C:\WINDOWS\System32\WindowsPowerShell\v1.0\;C:\WINDOWS\System32\OpenSSH\;C:\Program Files\MATLAB\R2020a\bin;C:\Program Files\AutoFirma\AutoFirma;C:\Users\juanf\AppData\Local\Programs\Python\Python39\Scripts\;C:\Users\juanf\AppData\Local\Programs\Python\Python39\;C:\Users\juanf\AppData\Local\Microsoft\WindowsApps;;C:\Program Files\JetBrains\PyCharm 2021.1.2\bin;;C:\Users\juanf\AppData\Local\Programs\Microsoft VS Code\bin;.]
02-Apr-2022 21:24:20.433 INFO [main] org.apache.coyote.AbstractProtocol.stop Stopping ProtocolHandler ["http-nio-8082"]
02-Apr-2022 21:24:20.437 INFO [main] org.apache.coyote.AbstractProtocol.stop Stopping ProtocolHandler ["ajp-nio-8009"]
02-Apr-2022 21:24:20.443 INFO [main] org.apache.coyote.AbstractProtocol.destroy Destroying ProtocolHandler ["http-nio-8082"]
02-Apr-2022 21:24:20.445 INFO [main] org.apache.coyote.AbstractProtocol.destroy Destroying ProtocolHandler ["ajp-nio-8009"]
02-Apr-2022 21:24:20.576 INFO [main] org.apache.coyote.AbstractProtocol.init Initializing ProtocolHandler ["http-nio-8082"]
02-Apr-2022 21:24:21.444 INFO [main] org.apache.tomcat.util.net.NioSelectorPool.getSharedSelector Using a shared selector for servlet write/read
02-Apr-2022 21:24:21.453 INFO [main] org.apache.coyote.AbstractProtocol.init Initializing ProtocolHandler ["ajp-nio-8009"]
02-Apr-2022 21:24:21.455 INFO [main] org.apache.tomcat.util.net.NioSelectorPool.getSharedSelector Using a shared selector for servlet write/read
02-Apr-2022 21:24:21.465 INFO [main] org.apache.catalina.startup.Catalina.load Initialization processed in 1428 ms
02-Apr-2022 21:24:21.531 INFO [main] org.apache.catalina.core.StandardService.startInternal Starting service [Catalina]
02-Apr-2022 21:24:21.531 INFO [main] org.apache.catalina.core.StandardEngine.startInternal Starting Servlet Engine: Apache Tomcat/8.5.24
02-Apr-2022 21:24:21.563 INFO [localhost-startStop-1] org.apache.catalina.startup.HostConfig.deployDirectory Deploying web application directory [F:\Java8\apache-tomcat-8.5.24\webapps\docs]
02-Apr-2022 21:24:21.844 INFO [localhost-startStop-1] org.apache.jasper.servlet.TldScanner.scanJars At least one JAR was scanned for TLDs yet contained no TLDs. Enable debug logging for this logger for a complete list of JARs that were scanned but no TLDs were found in them. Skipping unneeded JARs during scanning can improve startup time and JSP compilation time.
02-Apr-2022 21:24:21.928 INFO [localhost-startStop-1] org.apache.catalina.startup.HostConfig.deployDirectory Deployment of web application directory [F:\Java8\apache-tomcat-8.5.24\webapps\docs] has finished in [365] ms
02-Apr-2022 21:24:21.928 INFO [localhost-startStop-1] org.apache.catalina.startup.HostConfig.deployDirectory Deploying web application directory [F:\Java8\apache-tomcat-8.5.24\webapps\examples]
02-Apr-2022 21:24:22.116 INFO [localhost-startStop-1] org.apache.jasper.servlet.TldScanner.scanJars At least one JAR was scanned for TLDs yet contained no TLDs. Enable debug logging for this logger for a complete list of JARs that were scanned but no TLDs were found in them. Skipping unneeded JARs during scanning can improve startup time and JSP compilation time.
02-Apr-2022 21:24:22.153 INFO [localhost-startStop-1] org.apache.catalina.startup.HostConfig.deployDirectory Deployment of web application directory [F:\Java8\apache-tomcat-8.5.24\webapps\examples] has finished in [225] ms
02-Apr-2022 21:24:22.154 INFO [localhost-startStop-1] org.apache.catalina.startup.HostConfig.deployDirectory Deploying web application directory [F:\Java8\apache-tomcat-8.5.24\webapps\host-manager]
02-Apr-2022 21:24:22.172 INFO [localhost-startStop-1] org.apache.jasper.servlet.TldScanner.scanJars At least one JAR was scanned for TLDs yet contained no TLDs. Enable debug logging for this logger for a complete list of JARs that were scanned but no TLDs were found in them. Skipping unneeded JARs during scanning can improve startup time and JSP compilation time.
02-Apr-2022 21:24:22.184 INFO [localhost-startStop-1] org.apache.catalina.startup.HostConfig.deployDirectory Deployment of web application directory [F:\Java8\apache-tomcat-8.5.24\webapps\host-manager] has finished in [30] ms
02-Apr-2022 21:24:22.189 INFO [localhost-startStop-1] org.apache.catalina.startup.HostConfig.deployDirectory Deploying web application directory [F:\Java8\apache-tomcat-8.5.24\webapps\ROOT]
02-Apr-2022 21:24:22.221 INFO [localhost-startStop-1] org.apache.jasper.servlet.TldScanner.scanJars At least one JAR was scanned for TLDs yet contained no TLDs. Enable debug logging for this logger for a complete list of JARs that were scanned but no TLDs were found in them. Skipping unneeded JARs during scanning can improve startup time and JSP compilation time.
02-Apr-2022 21:24:22.223 INFO [localhost-startStop-1] org.apache.catalina.startup.HostConfig.deployDirectory Deployment of web application directory [F:\Java8\apache-tomcat-8.5.24\webapps\ROOT] has finished in [34] ms
02-Apr-2022 21:24:22.226 INFO [localhost-startStop-1] org.apache.catalina.startup.HostConfig.deployDirectory Deploying web application directory [F:\Java8\apache-tomcat-8.5.24\webapps\SQLServer]
02-Apr-2022 21:24:22.256 INFO [localhost-startStop-1] org.apache.jasper.servlet.TldScanner.scanJars At least one JAR was scanned for TLDs yet contained no TLDs. Enable debug logging for this logger for a complete list of JARs that were scanned but no TLDs were found in them. Skipping unneeded JARs during scanning can improve startup time and JSP compilation time.
02-Apr-2022 21:24:22.269 INFO [localhost-startStop-1] org.apache.catalina.startup.HostConfig.deployDirectory Deployment of web application directory [F:\Java8\apache-tomcat-8.5.24\webapps\SQLServer] has finished in [43] ms
02-Apr-2022 21:24:22.274 INFO [localhost-startStop-1] org.apache.catalina.startup.HostConfig.deployDirectory Deploying web application directory [F:\Java8\apache-tomcat-8.5.24\webapps\Servlet1]
02-Apr-2022 21:24:22.328 INFO [localhost-startStop-1] org.apache.jasper.servlet.TldScanner.scanJars At least one JAR was scanned for TLDs yet contained no TLDs. Enable debug logging for this logger for a complete list of JARs that were scanned but no TLDs were found in them. Skipping unneeded JARs during scanning can improve startup time and JSP compilation time.
02-Apr-2022 21:24:22.334 INFO [localhost-startStop-1] org.apache.catalina.startup.HostConfig.deployDirectory Deployment of web application directory [F:\Java8\apache-tomcat-8.5.24\webapps\Servlet1] has finished in [60] ms
02-Apr-2022 21:24:22.339 INFO [localhost-startStop-1] org.apache.catalina.startup.HostConfig.deployDirectory Deploying web application directory [F:\Java8\apache-tomcat-8.5.24\webapps\TD]
02-Apr-2022 21:24:23.325 INFO [localhost-startStop-1] org.apache.jasper.servlet.TldScanner.scanJars At least one JAR was scanned for TLDs yet contained no TLDs. Enable debug logging for this logger for a complete list of JARs that were scanned but no TLDs were found in them. Skipping unneeded JARs during scanning can improve startup time and JSP compilation time.
02-Apr-2022 21:24:23.333 INFO [localhost-startStop-1] org.apache.catalina.startup.HostConfig.deployDirectory Deployment of web application directory [F:\Java8\apache-tomcat-8.5.24\webapps\TD] has finished in [994] ms
02-Apr-2022 21:24:23.341 INFO [localhost-startStop-1] org.apache.catalina.startup.HostConfig.deployDirectory Deploying web application directory [F:\Java8\apache-tomcat-8.5.24\webapps\EjeEv]
02-Apr-2022 21:24:23.369 INFO [localhost-startStop-1] org.apache.jasper.servlet.TldScanner.scanJars At least one JAR was scanned for TLDs yet contained no TLDs. Enable debug logging for this logger for a complete list of JARs that were scanned but no TLDs were found in them. Skipping unneeded JARs during scanning can improve startup time and JSP compilation time.
02-Apr-2022 21:24:23.372 INFO [localhost-startStop-1] org.apache.catalina.startup.HostConfig.deployDirectory Deployment of web application directory [F:\Java8\apache-tomcat-8.5.24\webapps\EjeEv] has finished in [31] ms
02-Apr-2022 21:24:23.375 INFO [main] org.apache.coyote.AbstractProtocol.start Starting ProtocolHandler ["http-nio-8082"]
02-Apr-2022 21:24:23.404 INFO [main] org.apache.coyote.AbstractProtocol.start Starting ProtocolHandler ["ajp-nio-8009"]
02-Apr-2022 21:24:23.419 INFO [main] org.apache.catalina.startup.Catalina.start Server startup in 1945 ms
02-Apr-2022 21:31:49.598 INFO [main] org.apache.catalina.core.StandardServer.await A valid shutdown command was received via the shutdown port. Stopping the Server instance.
02-Apr-2022 21:31:49.598 INFO [main] org.apache.coyote.AbstractProtocol.pause Pausing ProtocolHandler ["http-nio-8082"]
02-Apr-2022 21:31:50.408 INFO [main] org.apache.coyote.AbstractProtocol.pause Pausing ProtocolHandler ["ajp-nio-8009"]
02-Apr-2022 21:31:51.240 INFO [main] org.apache.catalina.core.StandardService.stopInternal Stopping service [Catalina]
02-Apr-2022 21:31:51.303 INFO [main] org.apache.coyote.AbstractProtocol.stop Stopping ProtocolHandler ["http-nio-8082"]
02-Apr-2022 21:31:51.306 INFO [main] org.apache.coyote.AbstractProtocol.stop Stopping ProtocolHandler ["ajp-nio-8009"]
02-Apr-2022 21:31:51.309 INFO [main] org.apache.coyote.AbstractProtocol.destroy Destroying ProtocolHandler ["http-nio-8082"]
02-Apr-2022 21:31:51.312 INFO [main] org.apache.coyote.AbstractProtocol.destroy Destroying ProtocolHandler ["ajp-nio-8009"]
